2026-03-04 12:19:37,305 - INFO - Loaded configuration from config.yaml
2026-03-04 12:19:37,307 - INFO - 
=======================================================
2026-03-04 12:19:37,308 - INFO -    Design Iteration 1 / 2
2026-03-04 12:19:37,308 - INFO - =======================================================
2026-03-04 12:19:37,309 - INFO - 
--- Phase 1: Airfoil Blending & XFOIL Polar Generation ---
2026-03-04 12:19:53,152 - INFO - 
--- Phase 2: XROTOR Design Optimization (Iter 1) ---
2026-03-04 12:19:54,189 - INFO - 
Design Complete for Iteration 1! Result saved to prop_result_iter1.txt
2026-03-04 12:19:54,194 - INFO - 
=======================================================
2026-03-04 12:19:54,195 - INFO -    Design Iteration 2 / 2
2026-03-04 12:19:54,198 - INFO - =======================================================
2026-03-04 12:19:54,199 - INFO - 
--- Phase 1: Airfoil Blending & XFOIL Polar Generation ---
2026-03-04 12:20:09,061 - INFO - 
--- Phase 2: XROTOR Design Optimization (Iter 2) ---
2026-03-04 12:20:09,729 - INFO - 
Design Complete for Iteration 2! Result saved to prop_result_iter2.txt
2026-03-04 12:20:09,737 - INFO - 
Final Designed Geometry:
2026-03-04 12:20:09,738 - INFO -   r/R     c/R     Beta (deg)
2026-03-04 12:20:09,739 - INFO - ------------------------------
2026-03-04 12:20:09,740 - INFO -   0.0720  0.0806  82.82
2026-03-04 12:20:09,742 - INFO -   0.1015  0.0889  78.19
2026-03-04 12:20:09,744 - INFO -   0.1449  0.1047  71.80
2026-03-04 12:20:09,745 - INFO -   0.1924  0.1196  65.42
2026-03-04 12:20:09,746 - INFO -   0.2412  0.1304  59.61
2026-03-04 12:20:09,747 - INFO -   0.2902  0.1365  54.50
2026-03-04 12:20:09,749 - INFO -   0.3389  0.1387  50.08
2026-03-04 12:20:09,750 - INFO -   0.3869  0.1379  46.29
2026-03-04 12:20:09,751 - INFO -   0.4341  0.1349  43.05
2026-03-04 12:20:09,752 - INFO -   0.4802  0.1305  40.27
2026-03-04 12:20:09,753 - INFO -   0.5250  0.1251  37.88
2026-03-04 12:20:09,753 - INFO -   0.5686  0.1191  35.82
2026-03-04 12:20:09,754 - INFO -   0.6106  0.1127  34.04
2026-03-04 12:20:09,755 - INFO -   0.6510  0.1060  32.50
2026-03-04 12:20:09,756 - INFO -   0.6896  0.0993  31.15
2026-03-04 12:20:09,757 - INFO -   0.7264  0.0925  29.98
2026-03-04 12:20:09,758 - INFO -   0.7612  0.0858  28.96
2026-03-04 12:20:09,760 - INFO -   0.7940  0.0791  28.06
2026-03-04 12:20:09,761 - INFO -   0.8246  0.0725  27.28
2026-03-04 12:20:09,761 - INFO -   0.8530  0.0659  26.60
2026-03-04 12:20:09,762 - INFO -   0.8790  0.0595  26.01
2026-03-04 12:20:09,763 - INFO -   0.9027  0.0531  25.50
2026-03-04 12:20:09,764 - INFO -   0.9239  0.0468  25.06
2026-03-04 12:20:09,765 - INFO -   0.9425  0.0405  24.68
2026-03-04 12:20:09,766 - INFO -   0.9587  0.0344  24.37
2026-03-04 12:20:09,767 - INFO -   0.9721  0.0283  24.12
2026-03-04 12:20:09,768 - INFO -   0.9830  0.0224  23.92
2026-03-04 12:20:09,769 - INFO -   0.9911  0.0167  23.77
2026-03-04 12:20:09,770 - INFO -   0.9966  0.0114  23.67
2026-03-04 12:20:09,771 - INFO -   0.9993  0.0079  23.63
2026-03-04 12:20:12,100 - INFO - Geometry plot saved to output\hpa_prop_01\prop_design.png
2026-03-04 12:20:47,250 - INFO - 
--- Phase 3: Off-design Performance Analysis ---
2026-03-04 12:20:53,159 - INFO - Performance plot saved to output\hpa_prop_01\prop_performance.png
2026-03-04 12:21:27,309 - INFO - 
--- Phase 3.5: V-RPM Efficiency Map ---
2026-03-04 12:21:35,030 - INFO - V-RPM Efficiency Map saved to output\hpa_prop_01\vrpm_efficiency_map.png
2026-03-04 12:21:39,804 - INFO - 
--- Phase 4: Structural Properties Calculation ---
2026-03-04 12:21:41,356 - INFO - Structural Properties plot saved to output\hpa_prop_01\structural_properties.png
2026-03-04 12:21:45,690 - INFO - All processes complete.
2026-03-04 12:22:52,897 - INFO - Loaded configuration from config.yaml
2026-03-04 12:22:52,899 - INFO - 
=======================================================
2026-03-04 12:22:52,899 - INFO -    Design Iteration 1 / 2
2026-03-04 12:22:52,899 - INFO - =======================================================
2026-03-04 12:22:52,900 - INFO - 
--- Phase 1: Airfoil Blending & XFOIL Polar Generation ---
2026-03-04 12:23:07,074 - INFO - 
--- Phase 2: XROTOR Design Optimization (Iter 1) ---
2026-03-04 12:23:07,594 - INFO - 
Design Complete for Iteration 1! Result saved to prop_result_iter1.txt
2026-03-04 12:23:07,598 - INFO - 
=======================================================
2026-03-04 12:23:07,599 - INFO -    Design Iteration 2 / 2
2026-03-04 12:23:07,600 - INFO - =======================================================
2026-03-04 12:23:07,601 - INFO - 
--- Phase 1: Airfoil Blending & XFOIL Polar Generation ---
2026-03-04 12:23:23,021 - INFO - 
--- Phase 2: XROTOR Design Optimization (Iter 2) ---
2026-03-04 12:23:23,519 - INFO - 
Design Complete for Iteration 2! Result saved to prop_result_iter2.txt
2026-03-04 12:23:23,523 - INFO - 
Final Designed Geometry:
2026-03-04 12:23:23,524 - INFO -   r/R     c/R     Beta (deg)
2026-03-04 12:23:23,525 - INFO - ------------------------------
2026-03-04 12:23:23,526 - INFO -   0.0720  0.0806  82.82
2026-03-04 12:23:23,527 - INFO -   0.1015  0.0889  78.19
2026-03-04 12:23:23,528 - INFO -   0.1449  0.1047  71.80
2026-03-04 12:23:23,529 - INFO -   0.1924  0.1196  65.42
2026-03-04 12:23:23,530 - INFO -   0.2412  0.1304  59.61
2026-03-04 12:23:23,531 - INFO -   0.2902  0.1365  54.50
2026-03-04 12:23:23,532 - INFO -   0.3389  0.1387  50.08
2026-03-04 12:23:23,534 - INFO -   0.3869  0.1379  46.29
2026-03-04 12:23:23,535 - INFO -   0.4341  0.1349  43.05
2026-03-04 12:23:23,536 - INFO -   0.4802  0.1305  40.27
2026-03-04 12:23:23,537 - INFO -   0.5250  0.1251  37.88
2026-03-04 12:23:23,538 - INFO -   0.5686  0.1191  35.82
2026-03-04 12:23:23,539 - INFO -   0.6106  0.1127  34.04
2026-03-04 12:23:23,540 - INFO -   0.6510  0.1060  32.50
2026-03-04 12:23:23,542 - INFO -   0.6896  0.0993  31.15
2026-03-04 12:23:23,543 - INFO -   0.7264  0.0925  29.98
2026-03-04 12:23:23,544 - INFO -   0.7612  0.0858  28.96
2026-03-04 12:23:23,545 - INFO -   0.7940  0.0791  28.06
2026-03-04 12:23:23,546 - INFO -   0.8246  0.0725  27.28
2026-03-04 12:23:23,547 - INFO -   0.8530  0.0659  26.60
2026-03-04 12:23:23,548 - INFO -   0.8790  0.0595  26.01
2026-03-04 12:23:23,549 - INFO -   0.9027  0.0531  25.50
2026-03-04 12:23:23,550 - INFO -   0.9239  0.0468  25.06
2026-03-04 12:23:23,551 - INFO -   0.9425  0.0405  24.68
2026-03-04 12:23:23,552 - INFO -   0.9587  0.0344  24.37
2026-03-04 12:23:23,553 - INFO -   0.9721  0.0283  24.12
2026-03-04 12:23:23,554 - INFO -   0.9830  0.0224  23.92
2026-03-04 12:23:23,555 - INFO -   0.9911  0.0167  23.77
2026-03-04 12:23:23,556 - INFO -   0.9966  0.0114  23.67
2026-03-04 12:23:23,558 - INFO -   0.9993  0.0079  23.63
2026-03-04 12:23:25,151 - INFO - Geometry plot saved to output\hpa_prop_01\prop_design.png
2026-03-04 12:23:32,714 - INFO - 
--- Phase 3: Off-design Performance Analysis ---
2026-03-04 12:23:37,562 - INFO - Performance plot saved to output\hpa_prop_01\prop_performance.png
2026-03-04 12:24:00,838 - INFO - 
--- Phase 3.5: V-RPM Efficiency Map ---
2026-03-04 12:24:35,533 - INFO - V-RPM Efficiency Map saved to output\hpa_prop_01\vrpm_efficiency_map.png
2026-03-04 12:24:38,128 - INFO - 
--- Phase 4: Structural Properties Calculation ---
2026-03-04 12:24:39,592 - INFO - Structural Properties plot saved to output\hpa_prop_01\structural_properties.png
2026-03-04 12:24:49,898 - INFO - All processes complete.
