
 =========================
    XROTOR Version 7.69
 =========================
  
 OPEN error on file  xrotor.def
 Hard-wired defaults used

   QUIT   Exit program
  .AERO   Display or change airfoil characteristics
   NAME s Set or change case name

   ATMO r Set fluid properties from standard atmosphere
   VSOU r Set/change fluid speed of sound
   DENS r Set/change fluid density
   VISC r Set/change fluid viscosity

   NACE f Specify nacelle geometry file
   DUCT r Duct/free-tip option toggle
   VRAT r Change duct velocity ratio

   ARBI   Input arbitrary rotor geometry
  .DESI   Design rotor geometry
  .MODI   Modify rotor geometry
  .OPER   Calculate off-design operating points
  .BEND   Calculate structural loads and deflections
  .NOIS   Calculate and plot acoustic signature
   JMAP   Calculate Cp vs J operating map

   INTE   Interpolate geometry to specified radii
   SAVE f Save rotor to restart file
   SAVO f Save rotor to old style XROTOR restart file
   LOAD f Read rotor from restart file
   WDEF f Write current settings to  xrotor.def  file.

   VPUT f Save  slipstream velocity profiles
   VGET f Read  slipstream velocity profiles
   VCLR   Clear slipstream velocity profiles

   HARD   Hardcopy current plot
   WIND   Windmill/propeller plotting mode toggle
   PLOP   Plotting options
   DISP   Display current design point

 XROTOR   c>  
Enter filename   s>   Reading file from XROTOR Version  7.69
 reading drag data from file NINP            4
 DCDM2 defined    0.00000000    
 reading drag data from file NINP            4
 DCDM2 defined    0.00000000    

 Self-deforming wake option set
 Free-tip option set
 Propeller plotting mode set
  

 Iter     dGmax  @Imax    gGrms       Av        Aw         Be       RLX
   1    0.596E-02    1   0.602E-03    0.3271    0.3365    23.626    0.2000
   2    0.477E-02    1   0.481E-03    0.3271    0.3381    23.626    0.2000
   3    0.381E-02    1   0.385E-03    0.3271    0.3443    23.626    1.0000
   4    0.209E-05   30   0.344E-06    0.3271    0.3444    23.626    1.0000
   5   -0.891E-07   11   0.981E-08    0.3271    0.3444    23.626    1.0000

 ===========================================================================
 Free Tip Potential Formulation Solution:  Saved blade                     
                                                  Wake adv. ratio:    0.34435
 no. blades :  2            radius(m)  :   1.6000     adv. ratio:     0.32715
 thrust(N)  :   24.0        power(W)   :   201.       torque(N-m):   14.2    
 Efficiency :  0.8848       speed(m/s) :    7.400     rpm        :    135.001
 Eff induced:  0.9500       Eff ideal  :   0.9787     Area(m^2)  :    8.01106
 Tnacel(N)  :    -0.0000    Rhub(m)    :   0.1000     Rwake(m)   :    0.1000
 Tvisc(N)   :    -0.4426    Pvisc(W)   :   10.3       Mach       :    0.0218
 rho(kg/m3) :   1.22600     Vsound(m/s):  340.000     mu(kg/m-s) : 0.1780E-04
 ---------------------------------------------------------------------------
    J:    1.02777      adv:    0.32715       AF:   55.462
   Ct:    0.03688       Cp:    0.04284  (by rho,Diam,N)
   Tc:    0.08890       Pc:    0.10048  (by rho,Atip,Vel)
   CT:    0.00476       CP:    0.00176  (by rho,Atip,Vtip)
Sigma:    0.05604 CT/sigma:    0.08490

  i  r/R   c/R  beta(deg)  CL     Cd    REx10^3 Mach   effi  effp  na.u/U  solidity
  1 0.072 0.0806  82.82  0.500   0.0201  67.29  0.022  0.950 0.801   0.000  0.3564
  3 0.145 0.1047  71.80  0.500   0.0176  93.35  0.024  0.950 0.903   0.000  0.2300
  5 0.241 0.1304  59.61  0.500   0.0153 132.06  0.027  0.950 0.936   0.000  0.1720
  7 0.339 0.1387  50.08  0.500   0.0141 162.79  0.031  0.950 0.945   0.000  0.1303
  9 0.434 0.1349  43.05  0.500   0.0135 182.77  0.036  0.950 0.946   0.000  0.0990
 11 0.525 0.1251  37.88  0.500   0.0132 192.87  0.041  0.950 0.945   0.000  0.0758
 13 0.611 0.1127  34.04  0.500   0.0131 194.48  0.046  0.950 0.941   0.000  0.0587
 15 0.690 0.0993  31.15  0.500   0.0133 188.90  0.051  0.950 0.937   0.000  0.0458
 17 0.761 0.0858  28.96  0.500   0.0136 177.19  0.055  0.950 0.931   0.000  0.0359
 19 0.825 0.0725  27.28  0.500   0.0142 160.29  0.059  0.950 0.925   0.000  0.0280
 21 0.879 0.0595  26.01  0.500   0.0150 139.03  0.062  0.950 0.918   0.000  0.0215
 23 0.924 0.0468  25.06  0.500   0.0163 114.26  0.065  0.950 0.909   0.000  0.0161
 25 0.959 0.0344  24.37  0.500   0.0181  86.84  0.067  0.950 0.896   0.000  0.0114
 27 0.983 0.0224  23.92  0.500   0.0214  57.83  0.069  0.950 0.878   0.000  0.0073
 29 0.997 0.0114  23.67  0.500   0.0278  29.93  0.070  0.950 0.845   0.000  0.0037

 XROTOR   c>  
.OPER   c>  
Current value <ret takes default>:    40
Max number of iterations   i>  
.OPER   c>  
Current value <ret takes default>:  135.001    
rpm                  r>  
 Iter     dGmax  @Imax    gGrms       Av        Aw         Be       RLX
   1    0.596E-02    1   0.602E-03    0.3272    0.3365    23.626    0.2000
   2    0.477E-02    1   0.481E-03    0.3272    0.3381    23.626    0.2000
   3    0.381E-02    1   0.385E-03    0.3272    0.3443    23.626    1.0000
   4    0.209E-05   30   0.349E-06    0.3272    0.3444    23.626    1.0000
   5    0.925E-07   10   0.129E-07    0.3272    0.3444    23.626    0.2000

 ===========================================================================
 Free Tip Potential Formulation Solution:  Saved blade                     
                                                  Wake adv. ratio:    0.34435
 no. blades :  2            radius(m)  :   1.6000     adv. ratio:     0.32715
 thrust(N)  :   24.0        power(W)   :   201.       torque(N-m):   14.2    
 Efficiency :  0.8848       speed(m/s) :    7.400     rpm        :    135.000
 Eff induced:  0.9500       Eff ideal  :   0.9787     Area(m^2)  :    8.01106
 Tnacel(N)  :     0.0000    Rhub(m)    :   0.1000     Rwake(m)   :    0.1000
 Tvisc(N)   :    -0.4426    Pvisc(W)   :   10.3       Mach       :    0.0218
 rho(kg/m3) :   1.22600     Vsound(m/s):  340.000     mu(kg/m-s) : 0.1780E-04
 ---------------------------------------------------------------------------
    J:    1.02778      adv:    0.32715       AF:   55.462
   Ct:    0.03688       Cp:    0.04284  (by rho,Diam,N)
   Tc:    0.08890       Pc:    0.10047  (by rho,Atip,Vel)
   CT:    0.00476       CP:    0.00176  (by rho,Atip,Vtip)
Sigma:    0.05604 CT/sigma:    0.08490

  i  r/R   c/R  beta(deg)  CL     Cd    REx10^3 Mach   effi  effp  na.u/U  solidity
  1 0.072 0.0806  82.82  0.500   0.0201  67.29  0.022  0.950 0.801   0.000  0.3564
  3 0.145 0.1047  71.80  0.500   0.0176  93.35  0.024  0.950 0.903   0.000  0.2300
  5 0.241 0.1304  59.61  0.500   0.0153 132.06  0.027  0.950 0.936   0.000  0.1720
  7 0.339 0.1387  50.08  0.500   0.0141 162.79  0.031  0.950 0.945   0.000  0.1303
  9 0.434 0.1349  43.05  0.500   0.0135 182.77  0.036  0.950 0.946   0.000  0.0990
 11 0.525 0.1251  37.88  0.500   0.0132 192.87  0.041  0.950 0.945   0.000  0.0758
 13 0.611 0.1127  34.04  0.500   0.0131 194.48  0.046  0.950 0.941   0.000  0.0587
 15 0.690 0.0993  31.15  0.500   0.0133 188.90  0.051  0.950 0.937   0.000  0.0458
 17 0.761 0.0858  28.96  0.500   0.0136 177.19  0.055  0.950 0.931   0.000  0.0359
 19 0.825 0.0725  27.28  0.500   0.0142 160.29  0.059  0.950 0.925   0.000  0.0280
 21 0.879 0.0595  26.01  0.500   0.0150 139.03  0.062  0.950 0.918   0.000  0.0215
 23 0.924 0.0468  25.06  0.500   0.0163 114.26  0.065  0.950 0.909   0.000  0.0161
 25 0.959 0.0344  24.37  0.500   0.0181  86.84  0.067  0.950 0.896   0.000  0.0114
 27 0.983 0.0224  23.92  0.500   0.0214  57.83  0.069  0.950 0.878   0.000  0.0073
 29 0.997 0.0114  23.67  0.500   0.0278  29.93  0.070  0.950 0.845   0.000  0.0037

.OPER   c>  
Current value <ret takes default>: 0.327152    
advance ratio V/wR    r>  
 Iter     dGmax  @Imax    gGrms       Av        Aw         Be       RLX
   1    0.267E-01    1   0.128E-02    0.1998    0.2286    23.626    0.2000
   2    0.213E-01    1   0.102E-02    0.1998    0.2315    23.626    0.2000
   3    0.167E-01    1   0.802E-03    0.1998    0.2429    23.626    1.0000
   4   -0.245E-02    1   0.935E-04    0.1998    0.2429    23.626    0.2000
   5   -0.201E-02    1   0.766E-04    0.1998    0.2429    23.626    1.0000
   6   -0.139E-03    1   0.508E-05    0.1998    0.2429    23.626    1.0000
   7   -0.107E-05    1   0.468E-07    0.1998    0.2429    23.626    0.2000

 ===========================================================================
 Free Tip Potential Formulation Solution:  Saved blade                     
                                                  Wake adv. ratio:    0.24293
 no. blades :  2            radius(m)  :   1.6000     adv. ratio:     0.19983
 thrust(N)  :   151.        power(W)   :  0.141E+04   torque(N-m):   60.8    
 Efficiency :  0.7942       speed(m/s) :    7.400     rpm        :    221.018
 Eff induced:  0.8226       Eff ideal  :   0.8894     Area(m^2)  :    8.01106
 Tnacel(N)  :     0.0001    Rhub(m)    :   0.1000     Rwake(m)   :    0.1000
 Tvisc(N)   :    -0.7659    Pvisc(W)   :   41.7       Mach       :    0.0218
 rho(kg/m3) :   1.22600     Vsound(m/s):  340.000     mu(kg/m-s) : 0.1780E-04
 ---------------------------------------------------------------------------
    J:    0.62778      adv:    0.19983       AF:   55.462
   Ct:    0.08654       Cp:    0.06841  (by rho,Diam,N)
   Tc:    0.55917       Pc:    0.70409  (by rho,Atip,Vel)
   CT:    0.01116       CP:    0.00281  (by rho,Atip,Vtip)
Sigma:    0.05604 CT/sigma:    0.19923

  i  r/R   c/R  beta(deg)  CL     Cd    REx10^3 Mach   effi  effp  na.u/U  solidity
  1 0.072 0.0806  82.82  1.416   0.0251  69.93  0.023  1.047 0.947   0.000  0.3564
  3 0.145 0.1047  71.80  1.484   0.0234 105.13  0.027  0.909 0.966   0.000  0.2300
  5 0.241 0.1304  59.61  1.489   0.0203 165.91  0.034  0.854 0.973   0.000  0.1720
  7 0.339 0.1387  50.08  1.461   0.0166 221.78  0.043  0.820 0.976   0.000  0.1303
  9 0.434 0.1349  43.05  1.411   0.0148 262.34  0.052  0.808 0.976   0.000  0.0990
 11 0.525 0.1251  37.88  1.357   0.0138 286.14  0.061  0.808 0.974   0.000  0.0758
 13 0.611 0.1127  34.04  1.306   0.0134 294.80  0.070  0.812 0.971   0.000  0.0587
 15 0.690 0.0993  31.15  1.263   0.0132 290.51  0.078  0.818 0.968   0.000  0.0458
 17 0.761 0.0858  28.96  1.227   0.0133 275.23  0.086  0.823 0.964   0.000  0.0359
 19 0.825 0.0725  27.28  1.197   0.0137 250.73  0.092  0.829 0.959   0.000  0.0280
 21 0.879 0.0595  26.01  1.173   0.0143 218.57  0.098  0.833 0.954   0.000  0.0215
 23 0.924 0.0468  25.06  1.154   0.0153 180.26  0.103  0.837 0.948   0.000  0.0161
 25 0.959 0.0344  24.37  1.140   0.0170 137.34  0.107  0.839 0.940   0.000  0.0114
 27 0.983 0.0224  23.92  1.128   0.0199  91.61  0.109  0.840 0.928   0.000  0.0073
 29 0.997 0.0114  23.67  1.103   0.0257  47.45  0.111  0.829 0.907   0.000  0.0037

 X-window size changed to  11.00" x  8.19"

.OPER   c>  
Current value <ret takes default>: 0.199828    
advance ratio V/wR    r>  
 Iter     dGmax  @Imax    gGrms       Av        Aw         Be       RLX
   1    0.294E-01    1   0.157E-02    0.2157    0.2416    23.626    0.2000
   2    0.218E-01    1   0.119E-02    0.2157    0.2444    23.626    0.2000
   3    0.150E-01    1   0.869E-03    0.2157    0.2556    23.626    1.0000
   4   -0.261E-02    1   0.112E-03    0.2157    0.2556    23.626    0.2000
   5   -0.211E-02    1   0.904E-04    0.2157    0.2556    23.626    1.0000
   6   -0.394E-04    1   0.158E-05    0.2157    0.2556    23.626    1.0000
   7   -0.296E-06   10   0.221E-07    0.2157    0.2556    23.626    0.2000

 ===========================================================================
 Free Tip Potential Formulation Solution:  Saved blade                     
                                                  Wake adv. ratio:    0.25562
 no. blades :  2            radius(m)  :   1.6000     adv. ratio:     0.21574
 thrust(N)  :   122.        power(W)   :  0.111E+04   torque(N-m):   51.6    
 Efficiency :  0.8142       speed(m/s) :    7.400     rpm        :    204.713
 Eff induced:  0.8440       Eff ideal  :   0.9072     Area(m^2)  :    8.01106
 Tnacel(N)  :     0.0000    Rhub(m)    :   0.1000     Rwake(m)   :    0.1000
 Tvisc(N)   :    -0.6836    Pvisc(W)   :   33.1       Mach       :    0.0218
 rho(kg/m3) :   1.22600     Vsound(m/s):  340.000     mu(kg/m-s) : 0.1780E-04
 ---------------------------------------------------------------------------
    J:    0.67778      adv:    0.21574       AF:   55.462
   Ct:    0.08131       Cp:    0.06769  (by rho,Diam,N)
   Tc:    0.45074       Pc:    0.55360  (by rho,Atip,Vel)
   CT:    0.01049       CP:    0.00278  (by rho,Atip,Vtip)
Sigma:    0.05604 CT/sigma:    0.18720

  i  r/R   c/R  beta(deg)  CL     Cd    REx10^3 Mach   effi  effp  na.u/U  solidity
  1 0.072 0.0806  82.82  1.302   0.0238  69.34  0.023  1.047 0.942   0.000  0.3564
  3 0.145 0.1047  71.80  1.394   0.0212 102.59  0.026  0.907 0.966   0.000  0.2300
  5 0.241 0.1304  59.61  1.410   0.0180 158.92  0.033  0.857 0.975   0.000  0.1720
  7 0.339 0.1387  50.08  1.368   0.0157 209.94  0.040  0.836 0.976   0.000  0.1303
  9 0.434 0.1349  43.05  1.312   0.0144 246.62  0.049  0.831 0.976   0.000  0.0990
 11 0.525 0.1251  37.88  1.258   0.0136 267.91  0.057  0.832 0.973   0.000  0.0758
 13 0.611 0.1127  34.04  1.211   0.0132 275.32  0.065  0.836 0.970   0.000  0.0587
 15 0.690 0.0993  31.15  1.171   0.0131 270.87  0.073  0.841 0.967   0.000  0.0458
 17 0.761 0.0858  28.96  1.138   0.0132 256.34  0.080  0.846 0.963   0.000  0.0359
 19 0.825 0.0725  27.28  1.111   0.0136 233.34  0.086  0.850 0.958   0.000  0.0280
 21 0.879 0.0595  26.01  1.090   0.0143 203.30  0.091  0.854 0.953   0.000  0.0215
 23 0.924 0.0468  25.06  1.073   0.0154 167.60  0.096  0.857 0.946   0.000  0.0161
 25 0.959 0.0344  24.37  1.060   0.0171 127.67  0.099  0.859 0.938   0.000  0.0114
 27 0.983 0.0224  23.92  1.050   0.0200  85.14  0.101  0.860 0.926   0.000  0.0073
 29 0.997 0.0114  23.67  1.029   0.0259  44.09  0.103  0.852 0.904   0.000  0.0037

.OPER   c>  
Current value <ret takes default>: 0.215743    
advance ratio V/wR    r>  
 Iter     dGmax  @Imax    gGrms       Av        Aw         Be       RLX
   1    0.273E-01    1   0.157E-02    0.2317    0.2547    23.626    0.2000
   2    0.167E-01    1   0.107E-02    0.2317    0.2574    23.626    0.2000
   3    0.119E-01    1   0.804E-03    0.2317    0.2681    23.626    1.0000
   4   -0.858E-03    1   0.406E-04    0.2317    0.2681    23.626    0.2000
   5   -0.687E-03    1   0.325E-04    0.2317    0.2682    23.626    1.0000
   6   -0.122E-05    1   0.553E-07    0.2317    0.2682    23.626    1.0000

 ===========================================================================
 Free Tip Potential Formulation Solution:  Saved blade                     
                                                  Wake adv. ratio:    0.26815
 no. blades :  2            radius(m)  :   1.6000     adv. ratio:     0.23166
 thrust(N)  :   97.9        power(W)   :   870.       torque(N-m):   43.6    
 Efficiency :  0.8320       speed(m/s) :    7.400     rpm        :    190.649
 Eff induced:  0.8639       Eff ideal  :   0.9228     Area(m^2)  :    8.01106
 Tnacel(N)  :     0.0000    Rhub(m)    :   0.1000     Rwake(m)   :    0.1000
 Tvisc(N)   :    -0.6220    Pvisc(W)   :   26.8       Mach       :    0.0218
 rho(kg/m3) :   1.22600     Vsound(m/s):  340.000     mu(kg/m-s) : 0.1780E-04
 ---------------------------------------------------------------------------
    J:    0.72778      adv:    0.23166       AF:   55.462
   Ct:    0.07540       Cp:    0.06595  (by rho,Diam,N)
   Tc:    0.36250       Pc:    0.43567  (by rho,Atip,Vel)
   CT:    0.00973       CP:    0.00271  (by rho,Atip,Vtip)
Sigma:    0.05604 CT/sigma:    0.17358

  i  r/R   c/R  beta(deg)  CL     Cd    REx10^3 Mach   effi  effp  na.u/U  solidity
  1 0.072 0.0806  82.82  1.161   0.0226  68.86  0.023  1.037 0.934   0.000  0.3564
  3 0.145 0.1047  71.80  1.250   0.0201 100.51  0.026  0.913 0.963   0.000  0.2300
  5 0.241 0.1304  59.61  1.276   0.0172 153.09  0.031  0.870 0.973   0.000  0.1720
  7 0.339 0.1387  50.08  1.242   0.0152 199.93  0.038  0.856 0.975   0.000  0.1303
  9 0.434 0.1349  43.05  1.195   0.0140 233.25  0.046  0.853 0.974   0.000  0.0990
 11 0.525 0.1251  37.88  1.150   0.0134 252.34  0.054  0.854 0.972   0.000  0.0758
 13 0.611 0.1127  34.04  1.110   0.0131 258.65  0.061  0.858 0.969   0.000  0.0587
 15 0.690 0.0993  31.15  1.075   0.0130 254.04  0.068  0.862 0.965   0.000  0.0458
 17 0.761 0.0858  28.96  1.047   0.0132 240.13  0.075  0.866 0.961   0.000  0.0359
 19 0.825 0.0725  27.28  1.024   0.0136 218.41  0.080  0.870 0.956   0.000  0.0280
 21 0.879 0.0595  26.01  1.005   0.0143 190.18  0.085  0.873 0.951   0.000  0.0215
 23 0.924 0.0468  25.06  0.991   0.0154 156.73  0.089  0.875 0.944   0.000  0.0161
 25 0.959 0.0344  24.37  0.980   0.0171 119.35  0.093  0.877 0.936   0.000  0.0114
 27 0.983 0.0224  23.92  0.971   0.0201  79.58  0.095  0.878 0.923   0.000  0.0073
 29 0.997 0.0114  23.67  0.955   0.0260  41.21  0.096  0.871 0.901   0.000  0.0037

.OPER   c>  
Current value <ret takes default>: 0.231659    
advance ratio V/wR    r>  
 Iter     dGmax  @Imax    gGrms       Av        Aw         Be       RLX
   1    0.193E-01    1   0.129E-02    0.2476    0.2680    23.626    0.2000
   2    0.138E-01    1   0.972E-03    0.2476    0.2705    23.626    0.2000
   3    0.106E-01    1   0.762E-03    0.2476    0.2807    23.626    1.0000
   4   -0.247E-03    1   0.125E-04    0.2476    0.2807    23.626    0.2000
   5   -0.198E-03    1   0.998E-05    0.2476    0.2807    23.626    1.0000
   6    0.145E-06   13   0.163E-07    0.2476    0.2807    23.626    1.0000

 ===========================================================================
 Free Tip Potential Formulation Solution:  Saved blade                     
                                                  Wake adv. ratio:    0.28071
 no. blades :  2            radius(m)  :   1.6000     adv. ratio:     0.24757
 thrust(N)  :   78.6        power(W)   :   687.       torque(N-m):   36.8    
 Efficiency :  0.8475       speed(m/s) :    7.400     rpm        :    178.393
 Eff induced:  0.8820       Eff ideal  :   0.9362     Area(m^2)  :    8.01106
 Tnacel(N)  :    -0.0000    Rhub(m)    :   0.1000     Rwake(m)   :    0.1000
 Tvisc(N)   :    -0.5720    Pvisc(W)   :   22.0       Mach       :    0.0218
 rho(kg/m3) :   1.22600     Vsound(m/s):  340.000     mu(kg/m-s) : 0.1780E-04
 ---------------------------------------------------------------------------
    J:    0.77778      adv:    0.24757       AF:   55.462
   Ct:    0.06921       Cp:    0.06351  (by rho,Diam,N)
   Tc:    0.29133       Pc:    0.34374  (by rho,Atip,Vel)
   CT:    0.00893       CP:    0.00261  (by rho,Atip,Vtip)
Sigma:    0.05604 CT/sigma:    0.15933

  i  r/R   c/R  beta(deg)  CL     Cd    REx10^3 Mach   effi  effp  na.u/U  solidity
  1 0.072 0.0806  82.82  1.023   0.0216  68.46  0.023  1.024 0.923   0.000  0.3564
  3 0.145 0.1047  71.80  1.101   0.0192  98.79  0.025  0.921 0.959   0.000  0.2300
  5 0.241 0.1304  59.61  1.132   0.0165 148.15  0.030  0.886 0.971   0.000  0.1720
  7 0.339 0.1387  50.08  1.110   0.0147 191.38  0.037  0.875 0.973   0.000  0.1303
  9 0.434 0.1349  43.05  1.075   0.0137 221.77  0.044  0.872 0.973   0.000  0.0990
 11 0.525 0.1251  37.88  1.039   0.0132 238.92  0.051  0.874 0.970   0.000  0.0758
 13 0.611 0.1127  34.04  1.006   0.0129 244.24  0.058  0.877 0.967   0.000  0.0587
 15 0.690 0.0993  31.15  0.979   0.0129 239.46  0.064  0.881 0.963   0.000  0.0458
 17 0.761 0.0858  28.96  0.955   0.0132 226.08  0.070  0.884 0.959   0.000  0.0359
 19 0.825 0.0725  27.28  0.936   0.0136 205.46  0.076  0.887 0.954   0.000  0.0280
 21 0.879 0.0595  26.01  0.921   0.0143 178.80  0.080  0.889 0.948   0.000  0.0215
 23 0.924 0.0468  25.06  0.908   0.0154 147.29  0.084  0.891 0.942   0.000  0.0161
 25 0.959 0.0344  24.37  0.899   0.0172 112.13  0.087  0.893 0.933   0.000  0.0114
 27 0.983 0.0224  23.92  0.892   0.0202  74.75  0.089  0.893 0.920   0.000  0.0073
 29 0.997 0.0114  23.67  0.879   0.0262  38.70  0.090  0.888 0.896   0.000  0.0037

.OPER   c>  
Current value <ret takes default>: 0.247574    
advance ratio V/wR    r>  
 Iter     dGmax  @Imax    gGrms       Av        Aw         Be       RLX
   1    0.146E-01    1   0.111E-02    0.2635    0.2814    23.626    0.2000
   2    0.115E-01    1   0.878E-03    0.2635    0.2838    23.626    0.2000
   3    0.912E-02    1   0.700E-03    0.2635    0.2933    23.626    1.0000
   4   -0.443E-04    1   0.322E-05    0.2635    0.2933    23.626    1.0000
   5   -0.123E-06    6   0.138E-07    0.2635    0.2933    23.626    1.0000

 ===========================================================================
 Free Tip Potential Formulation Solution:  Saved blade                     
                                                  Wake adv. ratio:    0.29332
 no. blades :  2            radius(m)  :   1.6000     adv. ratio:     0.26349
 thrust(N)  :   63.1        power(W)   :   543.       torque(N-m):   30.9    
 Efficiency :  0.8606       speed(m/s) :    7.400     rpm        :    167.617
 Eff induced:  0.8983       Eff ideal  :   0.9475     Area(m^2)  :    8.01106
 Tnacel(N)  :     0.0000    Rhub(m)    :   0.1000     Rwake(m)   :    0.1000
 Tvisc(N)   :    -0.5320    Pvisc(W)   :   18.4       Mach       :    0.0218
 rho(kg/m3) :   1.22600     Vsound(m/s):  340.000     mu(kg/m-s) : 0.1780E-04
 ---------------------------------------------------------------------------
    J:    0.82778      adv:    0.26349       AF:   55.462
   Ct:    0.06289       Cp:    0.06049  (by rho,Diam,N)
   Tc:    0.23371       Pc:    0.27158  (by rho,Atip,Vel)
   CT:    0.00811       CP:    0.00248  (by rho,Atip,Vtip)
Sigma:    0.05604 CT/sigma:    0.14478

  i  r/R   c/R  beta(deg)  CL     Cd    REx10^3 Mach   effi  effp  na.u/U  solidity
  1 0.072 0.0806  82.82  0.897   0.0210  68.14  0.023  1.010 0.909   0.000  0.3564
  3 0.145 0.1047  71.80  0.960   0.0185  97.34  0.025  0.928 0.953   0.000  0.2300
  5 0.241 0.1304  59.61  0.992   0.0159 143.94  0.029  0.900 0.968   0.000  0.1720
  7 0.339 0.1387  50.08  0.980   0.0144 184.01  0.035  0.892 0.971   0.000  0.1303
  9 0.434 0.1349  43.05  0.955   0.0135 211.82  0.042  0.891 0.970   0.000  0.0990
 11 0.525 0.1251  37.88  0.928   0.0130 227.24  0.048  0.892 0.968   0.000  0.0758
 13 0.611 0.1127  34.04  0.903   0.0129 231.68  0.055  0.895 0.965   0.000  0.0587
 15 0.690 0.0993  31.15  0.881   0.0129 226.74  0.061  0.897 0.961   0.000  0.0458
 17 0.761 0.0858  28.96  0.863   0.0132 213.81  0.066  0.900 0.956   0.000  0.0359
 19 0.825 0.0725  27.28  0.848   0.0136 194.13  0.071  0.902 0.951   0.000  0.0280
 21 0.879 0.0595  26.01  0.836   0.0144 168.84  0.076  0.904 0.945   0.000  0.0215
 23 0.924 0.0468  25.06  0.826   0.0155 139.02  0.079  0.906 0.938   0.000  0.0161
 25 0.959 0.0344  24.37  0.819   0.0173 105.80  0.082  0.907 0.929   0.000  0.0114
 27 0.983 0.0224  23.92  0.813   0.0203  70.52  0.084  0.907 0.915   0.000  0.0073
 29 0.997 0.0114  23.67  0.803   0.0264  36.51  0.085  0.904 0.890   0.000  0.0037

.OPER   c>  
Current value <ret takes default>: 0.263490    
advance ratio V/wR    r>  
 Iter     dGmax  @Imax    gGrms       Av        Aw         Be       RLX
   1    0.119E-01    1   0.978E-03    0.2794    0.2950    23.626    0.2000
   2    0.952E-02    1   0.782E-03    0.2794    0.2972    23.626    0.2000
   3    0.761E-02    1   0.626E-03    0.2794    0.3060    23.626    1.0000
   4   -0.981E-05   13   0.152E-05    0.2794    0.3060    23.626    1.0000
   5    0.913E-07    4   0.950E-08    0.2794    0.3060    23.626    0.2000

 ===========================================================================
 Free Tip Potential Formulation Solution:  Saved blade                     
                                                  Wake adv. ratio:    0.30601
 no. blades :  2            radius(m)  :   1.6000     adv. ratio:     0.27941
 thrust(N)  :   50.4        power(W)   :   428.       torque(N-m):   25.9    
 Efficiency :  0.8711       speed(m/s) :    7.400     rpm        :    158.070
 Eff induced:  0.9131       Eff ideal  :   0.9572     Area(m^2)  :    8.01106
 Tnacel(N)  :    -0.0000    Rhub(m)    :   0.1000     Rwake(m)   :    0.1000
 Tvisc(N)   :    -0.5003    Pvisc(W)   :   15.6       Mach       :    0.0218
 rho(kg/m3) :   1.22600     Vsound(m/s):  340.000     mu(kg/m-s) : 0.1780E-04
 ---------------------------------------------------------------------------
    J:    0.87778      adv:    0.27941       AF:   55.462
   Ct:    0.05648       Cp:    0.05692  (by rho,Diam,N)
   Tc:    0.18668       Pc:    0.21430  (by rho,Atip,Vel)
   CT:    0.00729       CP:    0.00234  (by rho,Atip,Vtip)
Sigma:    0.05604 CT/sigma:    0.13004

  i  r/R   c/R  beta(deg)  CL     Cd    REx10^3 Mach   effi  effp  na.u/U  solidity
  1 0.072 0.0806  82.82  0.783   0.0205  67.87  0.022  0.995 0.892   0.000  0.3564
  3 0.145 0.1047  71.80  0.831   0.0180  96.10  0.025  0.934 0.945   0.000  0.2300
  5 0.241 0.1304  59.61  0.858   0.0156 140.32  0.029  0.914 0.963   0.000  0.1720
  7 0.339 0.1387  50.08  0.853   0.0142 177.61  0.034  0.908 0.967   0.000  0.1303
  9 0.434 0.1349  43.05  0.837   0.0134 203.13  0.040  0.907 0.967   0.000  0.0990
 11 0.525 0.1251  37.88  0.818   0.0130 217.02  0.046  0.909 0.965   0.000  0.0758
 13 0.611 0.1127  34.04  0.801   0.0128 220.65  0.052  0.911 0.961   0.000  0.0587
 15 0.690 0.0993  31.15  0.785   0.0129 215.55  0.058  0.913 0.957   0.000  0.0458
 17 0.761 0.0858  28.96  0.771   0.0132 202.99  0.063  0.914 0.952   0.000  0.0359
 19 0.825 0.0725  27.28  0.760   0.0137 184.15  0.068  0.916 0.947   0.000  0.0280
 21 0.879 0.0595  26.01  0.751   0.0145 160.05  0.072  0.917 0.941   0.000  0.0215
 23 0.924 0.0468  25.06  0.744   0.0156 131.72  0.075  0.918 0.933   0.000  0.0161
 25 0.959 0.0344  24.37  0.739   0.0174 100.22  0.078  0.919 0.924   0.000  0.0114
 27 0.983 0.0224  23.92  0.734   0.0205  66.79  0.080  0.920 0.909   0.000  0.0073
 29 0.997 0.0114  23.67  0.728   0.0267  34.57  0.081  0.917 0.883   0.000  0.0037

.OPER   c>  
Current value <ret takes default>: 0.279405    
advance ratio V/wR    r>  
 Iter     dGmax  @Imax    gGrms       Av        Aw         Be       RLX
   1    0.972E-02    1   0.855E-03    0.2953    0.3087    23.626    0.2000
   2    0.778E-02    1   0.684E-03    0.2953    0.3107    23.626    0.2000
   3    0.622E-02    1   0.548E-03    0.2953    0.3187    23.626    1.0000
   4   -0.592E-05   12   0.953E-06    0.2953    0.3187    23.626    1.0000
   5    0.907E-07   11   0.842E-08    0.2953    0.3187    23.626    1.0000

 ===========================================================================
 Free Tip Potential Formulation Solution:  Saved blade                     
                                                  Wake adv. ratio:    0.31875
 no. blades :  2            radius(m)  :   1.6000     adv. ratio:     0.29532
 thrust(N)  :   39.9        power(W)   :   336.       torque(N-m):   21.5    
 Efficiency :  0.8790       speed(m/s) :    7.400     rpm        :    149.551
 Eff induced:  0.9265       Eff ideal  :   0.9655     Area(m^2)  :    8.01106
 Tnacel(N)  :     0.0000    Rhub(m)    :   0.1000     Rwake(m)   :    0.1000
 Tvisc(N)   :    -0.4756    Pvisc(W)   :   13.4       Mach       :    0.0218
 rho(kg/m3) :   1.22600     Vsound(m/s):  340.000     mu(kg/m-s) : 0.1780E-04
 ---------------------------------------------------------------------------
    J:    0.92778      adv:    0.29532       AF:   55.462
   Ct:    0.05001       Cp:    0.05279  (by rho,Diam,N)
   Tc:    0.14795       Pc:    0.16832  (by rho,Atip,Vel)
   CT:    0.00645       CP:    0.00217  (by rho,Atip,Vtip)
Sigma:    0.05604 CT/sigma:    0.11514

  i  r/R   c/R  beta(deg)  CL     Cd    REx10^3 Mach   effi  effp  na.u/U  solidity
  1 0.072 0.0806  82.82  0.679   0.0203  67.65  0.022  0.981 0.869   0.000  0.3564
  3 0.145 0.1047  71.80  0.712   0.0177  95.05  0.024  0.940 0.935   0.000  0.2300
  5 0.241 0.1304  59.61  0.732   0.0154 137.18  0.028  0.927 0.957   0.000  0.1720
  7 0.339 0.1387  50.08  0.731   0.0140 172.03  0.033  0.923 0.962   0.000  0.1303
  9 0.434 0.1349  43.05  0.722   0.0133 195.50  0.039  0.923 0.962   0.000  0.0990
 11 0.525 0.1251  37.88  0.710   0.0130 208.00  0.044  0.924 0.960   0.000  0.0758
 13 0.611 0.1127  34.04  0.699   0.0129 210.90  0.050  0.925 0.957   0.000  0.0587
 15 0.690 0.0993  31.15  0.689   0.0130 205.63  0.055  0.926 0.952   0.000  0.0458
 17 0.761 0.0858  28.96  0.680   0.0133 193.41  0.060  0.927 0.948   0.000  0.0359
 19 0.825 0.0725  27.28  0.673   0.0138 175.29  0.065  0.928 0.942   0.000  0.0280
 21 0.879 0.0595  26.01  0.667   0.0146 152.25  0.068  0.929 0.935   0.000  0.0215
 23 0.924 0.0468  25.06  0.662   0.0158 125.25  0.071  0.930 0.927   0.000  0.0161
 25 0.959 0.0344  24.37  0.659   0.0176  95.26  0.074  0.931 0.917   0.000  0.0114
 27 0.983 0.0224  23.92  0.656   0.0207  63.47  0.076  0.931 0.902   0.000  0.0073
 29 0.997 0.0114  23.67  0.652   0.0270  32.85  0.077  0.929 0.873   0.000  0.0037

.OPER   c>  
Current value <ret takes default>: 0.295321    
advance ratio V/wR    r>  
 Iter     dGmax  @Imax    gGrms       Av        Aw         Be       RLX
   1    0.775E-02    1   0.729E-03    0.3112    0.3225    23.626    0.2000
   2    0.620E-02    1   0.583E-03    0.3112    0.3243    23.626    0.2000
   3    0.496E-02    1   0.467E-03    0.3112    0.3315    23.626    1.0000
   4   -0.334E-05   13   0.585E-06    0.3112    0.3315    23.626    1.0000
   5    0.766E-07   11   0.929E-08    0.3112    0.3315    23.626    0.2000

 ===========================================================================
 Free Tip Potential Formulation Solution:  Saved blade                     
                                                  Wake adv. ratio:    0.33153
 no. blades :  2            radius(m)  :   1.6000     adv. ratio:     0.31124
 thrust(N)  :   31.3        power(W)   :   262.       torque(N-m):   17.6    
 Efficiency :  0.8839       speed(m/s) :    7.400     rpm        :    141.903
 Eff induced:  0.9388       Eff ideal  :   0.9726     Area(m^2)  :    8.01106
 Tnacel(N)  :     0.0000    Rhub(m)    :   0.1000     Rwake(m)   :    0.1000
 Tvisc(N)   :    -0.4567    Pvisc(W)   :   11.7       Mach       :    0.0218
 rho(kg/m3) :   1.22600     Vsound(m/s):  340.000     mu(kg/m-s) : 0.1780E-04
 ---------------------------------------------------------------------------
    J:    0.97778      adv:    0.31124       AF:   55.462
   Ct:    0.04348       Cp:    0.04809  (by rho,Diam,N)
   Tc:    0.11580       Pc:    0.13101  (by rho,Atip,Vel)
   CT:    0.00561       CP:    0.00197  (by rho,Atip,Vtip)
Sigma:    0.05604 CT/sigma:    0.10009

  i  r/R   c/R  beta(deg)  CL     Cd    REx10^3 Mach   effi  effp  na.u/U  solidity
  1 0.072 0.0806  82.82  0.586   0.0201  67.46  0.022  0.965 0.840   0.000  0.3564
  3 0.145 0.1047  71.80  0.602   0.0176  94.14  0.024  0.945 0.922   0.000  0.2300
  5 0.241 0.1304  59.61  0.613   0.0153 134.45  0.028  0.939 0.948   0.000  0.1720
  7 0.339 0.1387  50.08  0.613   0.0140 167.12  0.032  0.937 0.955   0.000  0.1303
  9 0.434 0.1349  43.05  0.609   0.0134 188.76  0.037  0.937 0.956   0.000  0.0990
 11 0.525 0.1251  37.88  0.604   0.0130 200.00  0.043  0.937 0.954   0.000  0.0758
 13 0.611 0.1127  34.04  0.599   0.0130 202.23  0.048  0.938 0.950   0.000  0.0587
 15 0.690 0.0993  31.15  0.594   0.0131 196.81  0.053  0.939 0.946   0.000  0.0458
 17 0.761 0.0858  28.96  0.590   0.0134 184.86  0.057  0.939 0.941   0.000  0.0359
 19 0.825 0.0725  27.28  0.586   0.0140 167.38  0.062  0.940 0.935   0.000  0.0280
 21 0.879 0.0595  26.01  0.583   0.0148 145.29  0.065  0.940 0.928   0.000  0.0215
 23 0.924 0.0468  25.06  0.581   0.0160 119.46  0.068  0.941 0.919   0.000  0.0161
 25 0.959 0.0344  24.37  0.579   0.0179  90.83  0.070  0.941 0.908   0.000  0.0114
 27 0.983 0.0224  23.92  0.578   0.0210  60.50  0.072  0.941 0.891   0.000  0.0073
 29 0.997 0.0114  23.67  0.576   0.0273  31.31  0.073  0.940 0.861   0.000  0.0037

.OPER   c>  
Current value <ret takes default>: 0.311236    
advance ratio V/wR    r>  
 Iter     dGmax  @Imax    gGrms       Av        Aw         Be       RLX
   1    0.596E-02    1   0.602E-03    0.3272    0.3365    23.626    0.2000
   2    0.477E-02    1   0.481E-03    0.3272    0.3381    23.626    0.2000
   3    0.381E-02    1   0.385E-03    0.3272    0.3443    23.626    1.0000
   4    0.209E-05   30   0.347E-06    0.3272    0.3444    23.626    1.0000
   5    0.101E-06   10   0.875E-08    0.3272    0.3444    23.626    1.0000

 ===========================================================================
 Free Tip Potential Formulation Solution:  Saved blade                     
                                                  Wake adv. ratio:    0.34435
 no. blades :  2            radius(m)  :   1.6000     adv. ratio:     0.32715
 thrust(N)  :   24.0        power(W)   :   201.       torque(N-m):   14.2    
 Efficiency :  0.8848       speed(m/s) :    7.400     rpm        :    135.000
 Eff induced:  0.9500       Eff ideal  :   0.9787     Area(m^2)  :    8.01106
 Tnacel(N)  :     0.0000    Rhub(m)    :   0.1000     Rwake(m)   :    0.1000
 Tvisc(N)   :    -0.4426    Pvisc(W)   :   10.3       Mach       :    0.0218
 rho(kg/m3) :   1.22600     Vsound(m/s):  340.000     mu(kg/m-s) : 0.1780E-04
 ---------------------------------------------------------------------------
    J:    1.02778      adv:    0.32715       AF:   55.462
   Ct:    0.03688       Cp:    0.04284  (by rho,Diam,N)
   Tc:    0.08890       Pc:    0.10047  (by rho,Atip,Vel)
   CT:    0.00476       CP:    0.00176  (by rho,Atip,Vtip)
Sigma:    0.05604 CT/sigma:    0.08490

  i  r/R   c/R  beta(deg)  CL     Cd    REx10^3 Mach   effi  effp  na.u/U  solidity
  1 0.072 0.0806  82.82  0.500   0.0201  67.29  0.022  0.950 0.801   0.000  0.3564
  3 0.145 0.1047  71.80  0.500   0.0176  93.35  0.024  0.950 0.903   0.000  0.2300
  5 0.241 0.1304  59.61  0.500   0.0153 132.06  0.027  0.950 0.936   0.000  0.1720
  7 0.339 0.1387  50.08  0.500   0.0141 162.79  0.031  0.950 0.945   0.000  0.1303
  9 0.434 0.1349  43.05  0.500   0.0135 182.77  0.036  0.950 0.946   0.000  0.0990
 11 0.525 0.1251  37.88  0.500   0.0132 192.87  0.041  0.950 0.945   0.000  0.0758
 13 0.611 0.1127  34.04  0.500   0.0131 194.48  0.046  0.950 0.941   0.000  0.0587
 15 0.690 0.0993  31.15  0.500   0.0133 188.90  0.051  0.950 0.937   0.000  0.0458
 17 0.761 0.0858  28.96  0.500   0.0136 177.19  0.055  0.950 0.931   0.000  0.0359
 19 0.825 0.0725  27.28  0.500   0.0142 160.29  0.059  0.950 0.925   0.000  0.0280
 21 0.879 0.0595  26.01  0.500   0.0150 139.03  0.062  0.950 0.918   0.000  0.0215
 23 0.924 0.0468  25.06  0.500   0.0163 114.26  0.065  0.950 0.909   0.000  0.0161
 25 0.959 0.0344  24.37  0.500   0.0181  86.84  0.067  0.950 0.896   0.000  0.0114
 27 0.983 0.0224  23.92  0.500   0.0214  57.83  0.069  0.950 0.878   0.000  0.0073
 29 0.997 0.0114  23.67  0.500   0.0278  29.93  0.070  0.950 0.845   0.000  0.0037

.OPER   c>  
Current value <ret takes default>: 0.327152    
advance ratio V/wR    r>  
 Iter     dGmax  @Imax    gGrms       Av        Aw         Be       RLX
   1    0.432E-02    1   0.475E-03    0.3431    0.3506    23.626    0.2000
   2    0.346E-02    1   0.380E-03    0.3431    0.3519    23.626    0.2000
   3    0.277E-02    1   0.304E-03    0.3431    0.3572    23.626    1.0000
   4    0.147E-05   30   0.188E-06    0.3431    0.3572    23.626    1.0000
   5   -0.598E-07   11   0.846E-08    0.3431    0.3572    23.626    1.0000

 ===========================================================================
 Free Tip Potential Formulation Solution:  Saved blade                     
                                                  Wake adv. ratio:    0.35721
 no. blades :  2            radius(m)  :   1.6000     adv. ratio:     0.34307
 thrust(N)  :   17.9        power(W)   :   150.       torque(N-m):   11.2    
 Efficiency :  0.8802       speed(m/s) :    7.400     rpm        :    128.737
 Eff induced:  0.9604       Eff ideal  :   0.9840     Area(m^2)  :    8.01106
 Tnacel(N)  :     0.0000    Rhub(m)    :   0.1000     Rwake(m)   :    0.1000
 Tvisc(N)   :    -0.4325    Pvisc(W)   :   9.23       Mach       :    0.0218
 rho(kg/m3) :   1.22600     Vsound(m/s):  340.000     mu(kg/m-s) : 0.1780E-04
 ---------------------------------------------------------------------------
    J:    1.07778      adv:    0.34307       AF:   55.462
   Ct:    0.03022       Cp:    0.03700  (by rho,Diam,N)
   Tc:    0.06624       Pc:    0.07526  (by rho,Atip,Vel)
   CT:    0.00390       CP:    0.00152  (by rho,Atip,Vtip)
Sigma:    0.05604 CT/sigma:    0.06957

  i  r/R   c/R  beta(deg)  CL     Cd    REx10^3 Mach   effi  effp  na.u/U  solidity
  1 0.072 0.0806  82.82  0.422   0.0202  67.16  0.022  0.934 0.749   0.000  0.3564
  3 0.145 0.1047  71.80  0.406   0.0177  92.66  0.024  0.955 0.876   0.000  0.2300
  5 0.241 0.1304  59.61  0.394   0.0155 129.95  0.027  0.961 0.917   0.000  0.1720
  7 0.339 0.1387  50.08  0.391   0.0143 158.94  0.031  0.962 0.929   0.000  0.1303
  9 0.434 0.1349  43.05  0.394   0.0137 177.43  0.035  0.962 0.932   0.000  0.0990
 11 0.525 0.1251  37.88  0.398   0.0134 186.49  0.040  0.962 0.931   0.000  0.0758
 13 0.611 0.1127  34.04  0.403   0.0134 187.53  0.044  0.961 0.928   0.000  0.0587
 15 0.690 0.0993  31.15  0.407   0.0135 181.79  0.049  0.961 0.923   0.000  0.0458
 17 0.761 0.0858  28.96  0.411   0.0139 170.29  0.053  0.960 0.918   0.000  0.0359
 19 0.825 0.0725  27.28  0.415   0.0145 153.89  0.057  0.959 0.912   0.000  0.0280
 21 0.879 0.0595  26.01  0.417   0.0153 133.39  0.060  0.959 0.904   0.000  0.0215
 23 0.924 0.0468  25.06  0.420   0.0166 109.57  0.063  0.959 0.894   0.000  0.0161
 25 0.959 0.0344  24.37  0.421   0.0185  83.25  0.065  0.959 0.880   0.000  0.0114
 27 0.983 0.0224  23.92  0.423   0.0218  55.43  0.066  0.958 0.860   0.000  0.0073
 29 0.997 0.0114  23.67  0.424   0.0283  28.68  0.067  0.959 0.823   0.000  0.0037

.OPER   c>  
Current value <ret takes default>: 0.343067    
advance ratio V/wR    r>  
 Iter     dGmax  @Imax    gGrms       Av        Aw         Be       RLX
   1    0.282E-02    1   0.356E-03    0.3590    0.3647    23.626    0.2000
   2    0.226E-02    1   0.285E-03    0.3590    0.3658    23.626    0.2000
   3    0.181E-02    1   0.228E-03    0.3590    0.3701    23.626    1.0000
   4    0.956E-06   30   0.981E-07    0.3590    0.3701    23.626    1.0000

 ===========================================================================
 Free Tip Potential Formulation Solution:  Saved blade                     
                                                  Wake adv. ratio:    0.37010
 no. blades :  2            radius(m)  :   1.6000     adv. ratio:     0.35898
 thrust(N)  :   12.7        power(W)   :   108.       torque(N-m):   8.42    
 Efficiency :  0.8665       speed(m/s) :    7.400     rpm        :    123.030
 Eff induced:  0.9700       Eff ideal  :   0.9885     Area(m^2)  :    8.01106
 Tnacel(N)  :     0.0000    Rhub(m)    :   0.1000     Rwake(m)   :    0.1000
 Tvisc(N)   :    -0.4259    Pvisc(W)   :   8.33       Mach       :    0.0218
 rho(kg/m3) :   1.22600     Vsound(m/s):  340.000     mu(kg/m-s) : 0.1780E-04
 ---------------------------------------------------------------------------
    J:    1.12778      adv:    0.35898       AF:   55.462
   Ct:    0.02350       Cp:    0.03059  (by rho,Diam,N)
   Tc:    0.04705       Pc:    0.05430  (by rho,Atip,Vel)
   CT:    0.00303       CP:    0.00126  (by rho,Atip,Vtip)
Sigma:    0.05604 CT/sigma:    0.05410

  i  r/R   c/R  beta(deg)  CL     Cd    REx10^3 Mach   effi  effp  na.u/U  solidity
  1 0.072 0.0806  82.82  0.350   0.0203  67.04  0.022  0.919 0.678   0.000  0.3564
  3 0.145 0.1047  71.80  0.319   0.0179  92.05  0.023  0.959 0.837   0.000  0.2300
  5 0.241 0.1304  59.61  0.293   0.0157 128.08  0.026  0.971 0.887   0.000  0.1720
  7 0.339 0.1387  50.08  0.287   0.0146 155.52  0.030  0.974 0.903   0.000  0.1303
  9 0.434 0.1349  43.05  0.291   0.0140 172.65  0.034  0.974 0.908   0.000  0.0990
 11 0.525 0.1251  37.88  0.298   0.0137 180.75  0.039  0.973 0.908   0.000  0.0758
 13 0.611 0.1127  34.04  0.307   0.0137 181.25  0.043  0.972 0.906   0.000  0.0587
 15 0.690 0.0993  31.15  0.316   0.0138 175.37  0.047  0.970 0.903   0.000  0.0458
 17 0.761 0.0858  28.96  0.323   0.0142 164.05  0.051  0.969 0.898   0.000  0.0359
 19 0.825 0.0725  27.28  0.330   0.0148 148.10  0.055  0.968 0.891   0.000  0.0280
 21 0.879 0.0595  26.01  0.336   0.0157 128.28  0.058  0.967 0.883   0.000  0.0215
 23 0.924 0.0468  25.06  0.340   0.0169 105.31  0.060  0.967 0.872   0.000  0.0161
 25 0.959 0.0344  24.37  0.343   0.0189  79.99  0.062  0.966 0.857   0.000  0.0114
 27 0.983 0.0224  23.92  0.346   0.0222  53.24  0.063  0.966 0.834   0.000  0.0073
 29 0.997 0.0114  23.67  0.349   0.0289  27.55  0.064  0.967 0.793   0.000  0.0037

.OPER   c>  
Current value <ret takes default>: 0.358983    
advance ratio V/wR    r>  
 Iter     dGmax  @Imax    gGrms       Av        Aw         Be       RLX
   1    0.144E-02    1   0.259E-03    0.3749    0.3790    23.626    0.2000
   2    0.115E-02    1   0.207E-03    0.3749    0.3798    23.626    0.2000
   3    0.920E-03    1   0.166E-03    0.3749    0.3831    23.626    1.0000
   4    0.554E-06   30   0.416E-07    0.3749    0.3831    23.626    1.0000

 ===========================================================================
 Free Tip Potential Formulation Solution:  Saved blade                     
                                                  Wake adv. ratio:    0.38306
 no. blades :  2            radius(m)  :   1.6000     adv. ratio:     0.37490
 thrust(N)  :   8.29        power(W)   :   73.4       torque(N-m):   5.95    
 Efficiency :  0.8350       speed(m/s) :    7.400     rpm        :    117.807
 Eff induced:  0.9787       Eff ideal  :   0.9924     Area(m^2)  :    8.01106
 Tnacel(N)  :     0.0000    Rhub(m)    :   0.1000     Rwake(m)   :    0.1000
 Tvisc(N)   :    -0.4222    Pvisc(W)   :   7.59       Mach       :    0.0218
 rho(kg/m3) :   1.22600     Vsound(m/s):  340.000     mu(kg/m-s) : 0.1780E-04
 ---------------------------------------------------------------------------
    J:    1.17778      adv:    0.37490       AF:   55.462
   Ct:    0.01672       Cp:    0.02358  (by rho,Diam,N)
   Tc:    0.03069       Pc:    0.03675  (by rho,Atip,Vel)
   CT:    0.00216       CP:    0.00097  (by rho,Atip,Vtip)
Sigma:    0.05604 CT/sigma:    0.03849

  i  r/R   c/R  beta(deg)  CL     Cd    REx10^3 Mach   effi  effp  na.u/U  solidity
  1 0.072 0.0806  82.82  0.284   0.0204  66.93  0.022  0.903 0.577   0.000  0.3564
  3 0.145 0.1047  71.80  0.237   0.0181  91.52  0.023  0.964 0.773   0.000  0.2300
  5 0.241 0.1304  59.61  0.199   0.0161 126.42  0.026  0.981 0.830   0.000  0.1720
  7 0.339 0.1387  50.08  0.187   0.0149 152.45  0.029  0.985 0.850   0.000  0.1303
  9 0.434 0.1349  43.05  0.191   0.0143 168.34  0.033  0.985 0.860   0.000  0.0990
 11 0.525 0.1251  37.88  0.201   0.0141 175.57  0.037  0.983 0.866   0.000  0.0758
 13 0.611 0.1127  34.04  0.213   0.0140 175.57  0.042  0.981 0.867   0.000  0.0587
 15 0.690 0.0993  31.15  0.225   0.0142 169.55  0.046  0.979 0.867   0.000  0.0458
 17 0.761 0.0858  28.96  0.237   0.0146 158.38  0.049  0.978 0.863   0.000  0.0359
 19 0.825 0.0725  27.28  0.246   0.0152 142.84  0.053  0.976 0.858   0.000  0.0280
 21 0.879 0.0595  26.01  0.255   0.0161 123.63  0.055  0.975 0.850   0.000  0.0215
 23 0.924 0.0468  25.06  0.261   0.0174 101.44  0.058  0.974 0.839   0.000  0.0161
 25 0.959 0.0344  24.37  0.266   0.0194  77.02  0.060  0.973 0.822   0.000  0.0114
 27 0.983 0.0224  23.92  0.270   0.0228  51.26  0.061  0.973 0.795   0.000  0.0073
 29 0.997 0.0114  23.67  0.273   0.0296  26.51  0.062  0.974 0.748   0.000  0.0037

.OPER   c>  
Current value <ret takes default>: 0.374898    
advance ratio V/wR    r>  
 Iter     dGmax  @Imax    gGrms       Av        Aw         Be       RLX
   1    0.109E-02    7   0.223E-03    0.3908    0.3933    23.626    0.2000
   2    0.868E-03    7   0.178E-03    0.3908    0.3939    23.626    0.2000
   3    0.695E-03    7   0.143E-03    0.3908    0.3962    23.626    1.0000
   4    0.279E-06   30   0.244E-07    0.3908    0.3962    23.626    1.0000

 ===========================================================================
 Free Tip Potential Formulation Solution:  Saved blade                     
                                                  Wake adv. ratio:    0.39625
 no. blades :  2            radius(m)  :   1.6000     adv. ratio:     0.39081
 thrust(N)  :   4.51        power(W)   :   43.9       torque(N-m):   3.71    
 Efficiency :  0.7587       speed(m/s) :    7.400     rpm        :    113.009
 Eff induced:  0.9863       Eff ideal  :   0.9959     Area(m^2)  :    8.01106
 Tnacel(N)  :    -0.0000    Rhub(m)    :   0.1000     Rwake(m)   :    0.1000
 Tvisc(N)   :    -0.4210    Pvisc(W)   :   6.98       Mach       :    0.0218
 rho(kg/m3) :   1.22600     Vsound(m/s):  340.000     mu(kg/m-s) : 0.1780E-04
 ---------------------------------------------------------------------------
    J:    1.22778      adv:    0.39081       AF:   55.462
   Ct:    0.00988       Cp:    0.01599  (by rho,Diam,N)
   Tc:    0.01669       Pc:    0.02199  (by rho,Atip,Vel)
   CT:    0.00127       CP:    0.00066  (by rho,Atip,Vtip)
Sigma:    0.05604 CT/sigma:    0.02274

  i  r/R   c/R  beta(deg)  CL     Cd    REx10^3 Mach   effi  effp  na.u/U  solidity
  1 0.072 0.0806  82.82  0.223   0.0206  66.84  0.022  0.887 0.426   0.000  0.3564
  3 0.145 0.1047  71.80  0.162   0.0184  91.05  0.023  0.968 0.656   0.000  0.2300
  5 0.241 0.1304  59.61  0.109   0.0164 124.94  0.026  0.991 0.691   0.000  0.1720
  7 0.339 0.1387  50.08  0.092   0.0153 149.70  0.029  0.996 0.705   0.000  0.1303
  9 0.434 0.1349  43.05  0.094   0.0148 164.46  0.033  0.995 0.731   0.000  0.0990
 11 0.525 0.1251  37.88  0.106   0.0145 170.87  0.036  0.993 0.759   0.000  0.0758
 13 0.611 0.1127  34.04  0.121   0.0145 170.42  0.040  0.990 0.779   0.000  0.0587
 15 0.690 0.0993  31.15  0.137   0.0146 164.25  0.044  0.988 0.791   0.000  0.0458
 17 0.761 0.0858  28.96  0.151   0.0150 153.21  0.048  0.985 0.796   0.000  0.0359
 19 0.825 0.0725  27.28  0.164   0.0156 138.04  0.051  0.984 0.797   0.000  0.0280
 21 0.879 0.0595  26.01  0.174   0.0165 119.39  0.054  0.982 0.792   0.000  0.0215
 23 0.924 0.0468  25.06  0.183   0.0178  97.91  0.056  0.981 0.781   0.000  0.0161
 25 0.959 0.0344  24.37  0.190   0.0199  74.31  0.058  0.980 0.764   0.000  0.0114
 27 0.983 0.0224  23.92  0.194   0.0234  49.44  0.059  0.980 0.733   0.000  0.0073
 29 0.997 0.0114  23.67  0.198   0.0304  25.57  0.060  0.980 0.678   0.000  0.0037

.OPER   c>  
Current value <ret takes default>: 0.390814    
advance ratio V/wR    r>  
 Iter     dGmax  @Imax    gGrms       Av        Aw         Be       RLX
   1    0.144E-02    8   0.276E-03    0.4067    0.4080    23.626    0.2000
   2    0.115E-02    8   0.221E-03    0.4067    0.4086    23.626    0.2000
   3    0.919E-03    8   0.176E-03    0.4067    0.4108    23.626    1.0000
   4   -0.146E-04    7   0.112E-05    0.4067    0.4109    23.626    1.0000
   5    0.147E-04    7   0.114E-05    0.4067    0.4109    23.626    0.2000
   6    0.118E-04    7   0.908E-06    0.4067    0.4109    23.626    1.0000
   7   -0.147E-04    7   0.113E-05    0.4067    0.4109    23.626    0.2000
   8   -0.132E-04    7   0.101E-05    0.4067    0.4109    23.626    1.0000
   9    0.161E-04    7   0.124E-05    0.4067    0.4109    23.626    0.2000
  10    0.129E-04    7   0.992E-06    0.4067    0.4109    23.626    1.0000
  11   -0.147E-04    7   0.113E-05    0.4067    0.4109    23.626    0.2000
  12   -0.131E-04    7   0.101E-05    0.4067    0.4109    23.626    1.0000
  13    0.161E-04    7   0.124E-05    0.4067    0.4109    23.626    0.2000
  14    0.129E-04    7   0.992E-06    0.4067    0.4109    23.626    1.0000
  15   -0.147E-04    7   0.113E-05    0.4067    0.4109    23.626    0.2000
  16   -0.132E-04    7   0.101E-05    0.4067    0.4109    23.626    1.0000
  17    0.161E-04    7   0.124E-05    0.4067    0.4109    23.626    0.2000
  18    0.129E-04    7   0.992E-06    0.4067    0.4109    23.626    1.0000
  19   -0.147E-04    7   0.113E-05    0.4067    0.4109    23.626    0.2000
  20   -0.131E-04    7   0.101E-05    0.4067    0.4109    23.626    1.0000
  21    0.161E-04    7   0.124E-05    0.4067    0.4109    23.626    0.2000
  22    0.129E-04    7   0.992E-06    0.4067    0.4109    23.626    1.0000
  23   -0.147E-04    7   0.113E-05    0.4067    0.4109    23.626    0.2000
  24   -0.132E-04    7   0.101E-05    0.4067    0.4109    23.626    1.0000
  25    0.161E-04    7   0.124E-05    0.4067    0.4109    23.626    0.2000
  26    0.129E-04    7   0.992E-06    0.4067    0.4109    23.626    1.0000
  27   -0.147E-04    7   0.113E-05    0.4067    0.4109    23.626    0.2000
  28   -0.131E-04    7   0.101E-05    0.4067    0.4109    23.626    1.0000
  29    0.161E-04    7   0.124E-05    0.4067    0.4109    23.626    0.2000
  30    0.129E-04    7   0.991E-06    0.4067    0.4109    23.626    1.0000
  31   -0.147E-04    7   0.113E-05    0.4067    0.4109    23.626    0.2000
  32   -0.131E-04    7   0.101E-05    0.4067    0.4109    23.626    1.0000
  33    0.161E-04    7   0.124E-05    0.4067    0.4109    23.626    0.2000
  34    0.129E-04    7   0.991E-06    0.4067    0.4109    23.626    1.0000
  35   -0.147E-04    7   0.113E-05    0.4067    0.4109    23.626    0.2000
  36   -0.131E-04    7   0.101E-05    0.4067    0.4109    23.626    1.0000
  37    0.161E-04    7   0.124E-05    0.4067    0.4109    23.626    0.2000
  38    0.129E-04    7   0.993E-06    0.4067    0.4109    23.626    1.0000
  39   -0.147E-04    7   0.113E-05    0.4067    0.4109    23.626    0.2000
  40   -0.132E-04    7   0.101E-05    0.4067    0.4109    23.626    1.0000
  41    0.161E-04    7   0.124E-05    0.4067    0.4109    23.626    0.2000
  42    0.129E-04    7   0.992E-06    0.4067    0.4109    23.626    1.0000
  43   -0.147E-04    7   0.113E-05    0.4067    0.4109    23.626    0.2000
  44   -0.132E-04    7   0.101E-05    0.4067    0.4109    23.626    1.0000
  45    0.161E-04    7   0.124E-05    0.4067    0.4109    23.626    0.2000
  46    0.129E-04    7   0.991E-06    0.4067    0.4109    23.626    1.0000
  47   -0.147E-04    7   0.113E-05    0.4067    0.4109    23.626    0.2000
  48   -0.131E-04    7   0.101E-05    0.4067    0.4109    23.626    1.0000
  49    0.161E-04    7   0.124E-05    0.4067    0.4109    23.626    0.2000
  50    0.129E-04    7   0.993E-06    0.4067    0.4109    23.626    1.0000
  51   -0.147E-04    7   0.113E-05    0.4067    0.4109    23.626    0.2000
  52   -0.132E-04    7   0.101E-05    0.4067    0.4109    23.626    1.0000
  53    0.161E-04    7   0.124E-05    0.4067    0.4109    23.626    0.2000
  54    0.129E-04    7   0.992E-06    0.4067    0.4109    23.626    1.0000
  55   -0.147E-04    7   0.113E-05    0.4067    0.4109    23.626    0.2000
  56   -0.131E-04    7   0.101E-05    0.4067    0.4109    23.626    1.0000
  57    0.161E-04    7   0.124E-05    0.4067    0.4109    23.626    0.2000
  58    0.129E-04    7   0.992E-06    0.4067    0.4109    23.626    1.0000
  59   -0.147E-04    7   0.113E-05    0.4067    0.4109    23.626    0.2000
  60   -0.132E-04    7   0.101E-05    0.4067    0.4109    23.626    1.0000
  61    0.161E-04    7   0.124E-05    0.4067    0.4109    23.626    0.2000
  62    0.129E-04    7   0.991E-06    0.4067    0.4109    23.626    1.0000
  63   -0.147E-04    7   0.113E-05    0.4067    0.4109    23.626    0.2000
  64   -0.131E-04    7   0.101E-05    0.4067    0.4109    23.626    1.0000
  65    0.161E-04    7   0.124E-05    0.4067    0.4109    23.626    0.2000
  66    0.129E-04    7   0.992E-06    0.4067    0.4109    23.626    1.0000
  67   -0.147E-04    7   0.113E-05    0.4067    0.4109    23.626    0.2000
  68   -0.132E-04    7   0.101E-05    0.4067    0.4109    23.626    1.0000
  69    0.161E-04    7   0.124E-05    0.4067    0.4109    23.626    0.2000
  70    0.129E-04    7   0.992E-06    0.4067    0.4109    23.626    1.0000
  71   -0.147E-04    7   0.113E-05    0.4067    0.4109    23.626    0.2000
  72   -0.131E-04    7   0.101E-05    0.4067    0.4109    23.626    1.0000
  73    0.161E-04    7   0.124E-05    0.4067    0.4109    23.626    0.2000
  74    0.129E-04    7   0.992E-06    0.4067    0.4109    23.626    1.0000
  75   -0.147E-04    7   0.113E-05    0.4067    0.4109    23.626    0.2000
  76   -0.131E-04    7   0.101E-05    0.4067    0.4109    23.626    1.0000
  77    0.161E-04    7   0.124E-05    0.4067    0.4109    23.626    0.2000
  78    0.129E-04    7   0.992E-06    0.4067    0.4109    23.626    1.0000
  79   -0.147E-04    7   0.113E-05    0.4067    0.4109    23.626    0.2000
  80   -0.131E-04    7   0.101E-05    0.4067    0.4109    23.626    1.0000
  81    0.161E-04    7   0.124E-05    0.4067    0.4109    23.626    0.2000
  82    0.129E-04    7   0.991E-06    0.4067    0.4109    23.626    1.0000
  83   -0.147E-04    7   0.113E-05    0.4067    0.4109    23.626    0.2000
  84   -0.132E-04    7   0.101E-05    0.4067    0.4109    23.626    1.0000
  85    0.161E-04    7   0.124E-05    0.4067    0.4109    23.626    0.2000
  86    0.129E-04    7   0.993E-06    0.4067    0.4109    23.626    1.0000
  87   -0.147E-04    7   0.113E-05    0.4067    0.4109    23.626    0.2000
  88   -0.131E-04    7   0.101E-05    0.4067    0.4109    23.626    1.0000
  89    0.161E-04    7   0.124E-05    0.4067    0.4109    23.626    0.2000
  90    0.129E-04    7   0.991E-06    0.4067    0.4109    23.626    1.0000
  91   -0.147E-04    7   0.113E-05    0.4067    0.4109    23.626    0.2000
  92   -0.131E-04    7   0.101E-05    0.4067    0.4109    23.626    1.0000
  93    0.161E-04    7   0.124E-05    0.4067    0.4109    23.626    0.2000
  94    0.129E-04    7   0.992E-06    0.4067    0.4109    23.626    1.0000
  95   -0.147E-04    7   0.113E-05    0.4067    0.4109    23.626    0.2000
  96   -0.132E-04    7   0.101E-05    0.4067    0.4109    23.626    0.2000
  97   -0.118E-04    7   0.906E-06    0.4067    0.4109    23.626    0.2000
  98   -0.105E-04    7   0.809E-06    0.4067    0.4109    23.626    1.0000
  99    0.184E-04    7   0.142E-05    0.4067    0.4109    23.626    0.2000
 100    0.147E-04    7   0.114E-05    0.4067    0.4109    23.626    1.0000

 Iteration limit exceeded
 Gres Fres Ares =   7.23417324E-04   0.00000000       2.19819341E-07

.OPER   c>  
Current value <ret takes default>: 0.406729    
advance ratio V/wR    r>  
 Iter     dGmax  @Imax    gGrms       Av        Aw         Be       RLX
   1   -0.212E-02    1   0.382E-03    0.4226    0.4211    23.626    0.2000
   2   -0.170E-02    1   0.305E-03    0.4226    0.4202    23.626    0.2000
   3   -0.136E-02    1   0.244E-03    0.4226    0.4166    23.626    1.0000
   4    0.128E-05   19   0.135E-06    0.4226    0.4165    23.626    1.0000
   5    0.179E-07   15   0.240E-08    0.4226    0.4165    23.626    0.2000

 ===========================================================================
 Free Tip Potential Formulation Solution:  Saved blade                     
                                                  Wake adv. ratio:    0.41650
 no. blades :  2            radius(m)  :   1.6000     adv. ratio:     0.42264
 thrust(N)  :  -1.54        power(W)   :  -2.10       torque(N-m): -0.192    
 Efficiency :  5.4382       speed(m/s) :    7.400     rpm        :    104.498
 Eff induced:  1.0148       Eff ideal  :   1.0014     Area(m^2)  :    8.01106
 Tnacel(N)  :     0.0000    Rhub(m)    :   0.1000     Rwake(m)   :    0.1000
 Tvisc(N)   :    -0.4246    Pvisc(W)   :   6.04       Mach       :    0.0218
 rho(kg/m3) :   1.22600     Vsound(m/s):  340.000     mu(kg/m-s) : 0.1780E-04
 ---------------------------------------------------------------------------
    J:    1.32778      adv:    0.42264       AF:   55.462
   Ct:   -0.00395       Cp:   -0.00096  (by rho,Diam,N)
   Tc:   -0.00571       Pc:   -0.00105  (by rho,Atip,Vel)
   CT:   -0.00051       CP:   -0.00004  (by rho,Atip,Vtip)
Sigma:    0.05604 CT/sigma:   -0.00910

  i  r/R   c/R  beta(deg)  CL     Cd    REx10^3 Mach   effi  effp  na.u/U  solidity
  1 0.072 0.0806  82.82  0.114   0.0211  66.70  0.022  0.855-0.268   0.000  0.3564
  3 0.145 0.1047  71.80  0.026   0.0191  90.25  0.023  0.975-0.970   0.000  0.2300
  5 0.241 0.1304  59.61 -0.055   0.0173 122.41  0.025  1.009 1.898   0.000  0.1720
  7 0.339 0.1387  50.08 -0.087   0.0164 144.97  0.028  1.016 1.455   0.000  0.1303
  9 0.434 0.1349  43.05 -0.089   0.0158 157.74  0.031  1.015 1.436   0.000  0.0990
 11 0.525 0.1251  37.88 -0.076   0.0156 162.70  0.035  1.011 1.562   0.000  0.0758
 13 0.611 0.1127  34.04 -0.057   0.0155 161.42  0.038  1.007 1.963   0.000  0.0587
 15 0.690 0.0993  31.15 -0.036   0.0157 154.98  0.042  1.003 4.357   0.000  0.0458
 17 0.761 0.0858  28.96 -0.016   0.0160 144.16  0.045  1.000-1.958   0.000  0.0359
 19 0.825 0.0725  27.28  0.002   0.0166 129.62  0.048  0.997-0.198   0.000  0.0280
 21 0.879 0.0595  26.01  0.017   0.0176 111.93  0.050  0.995 0.158   0.000  0.0215
 23 0.924 0.0468  25.06  0.029   0.0190  91.69  0.052  0.993 0.291   0.000  0.0161
 25 0.959 0.0344  24.37  0.039   0.0211  69.54  0.054  0.992 0.339   0.000  0.0114
 27 0.983 0.0224  23.92  0.045   0.0248  46.24  0.055  0.991 0.335   0.000  0.0073
 29 0.997 0.0114  23.67  0.049   0.0323  23.91  0.056  0.991 0.284   0.000  0.0037

.OPER   c>  
Current value <ret takes default>: 0.422645    
advance ratio V/wR    r>  
 Iter     dGmax  @Imax    gGrms       Av        Aw         Be       RLX
   1   -0.314E-02    1   0.504E-03    0.4386    0.4361    23.626    0.2000
   2   -0.251E-02    1   0.404E-03    0.4386    0.4353    23.626    0.2000
   3   -0.200E-02    1   0.323E-03    0.4386    0.4322    23.626    1.0000
   4    0.135E-05    1   0.244E-06    0.4386    0.4321    23.626    1.0000
   5    0.137E-07   10   0.298E-08    0.4386    0.4321    23.626    0.2000

 ===========================================================================
 Free Tip Potential Formulation Solution:  Saved blade                     
                                                  Wake adv. ratio:    0.43213
 no. blades :  2            radius(m)  :   1.6000     adv. ratio:     0.43856
 thrust(N)  :  -3.95        power(W)   :  -20.0       torque(N-m):  -1.89    
 Efficiency :  1.4621       speed(m/s) :    7.400     rpm        :    100.706
 Eff induced:  1.0149       Eff ideal  :   1.0037     Area(m^2)  :    8.01106
 Tnacel(N)  :    -0.0000    Rhub(m)    :   0.1000     Rwake(m)   :    0.1000
 Tvisc(N)   :    -0.4288    Pvisc(W)   :   5.68       Mach       :    0.0218
 rho(kg/m3) :   1.22600     Vsound(m/s):  340.000     mu(kg/m-s) : 0.1780E-04
 ---------------------------------------------------------------------------
    J:    1.37778      adv:    0.43856       AF:   55.462
   Ct:   -0.01090       Cp:   -0.01027  (by rho,Diam,N)
   Tc:   -0.01463       Pc:   -0.01000  (by rho,Atip,Vel)
   CT:   -0.00141       CP:   -0.00042  (by rho,Atip,Vtip)
Sigma:    0.05604 CT/sigma:   -0.02510

  i  r/R   c/R  beta(deg)  CL     Cd    REx10^3 Mach   effi  effp  na.u/U  solidity
  1 0.072 0.0806  82.82  0.065   0.0214  66.63  0.022  0.839-1.322   0.000  0.3564
  3 0.145 0.1047  71.80 -0.035   0.0195  89.91  0.023  0.979 3.295   0.000  0.2300
  5 0.241 0.1304  59.61 -0.129   0.0178 121.34  0.025  1.018 1.350   0.000  0.1720
  7 0.339 0.1387  50.08 -0.169   0.0169 142.93  0.028  1.026 1.223   0.000  0.1303
  9 0.434 0.1349  43.05 -0.175   0.0164 154.83  0.031  1.024 1.207   0.000  0.0990
 11 0.525 0.1251  37.88 -0.163   0.0162 159.15  0.034  1.019 1.230   0.000  0.0758
 13 0.611 0.1127  34.04 -0.142   0.0161 157.48  0.037  1.014 1.286   0.000  0.0587
 15 0.690 0.0993  31.15 -0.120   0.0163 150.91  0.041  1.010 1.385   0.000  0.0458
 17 0.761 0.0858  28.96 -0.097   0.0166 140.18  0.044  1.006 1.565   0.000  0.0359
 19 0.825 0.0725  27.28 -0.077   0.0172 125.90  0.046  1.003 1.934   0.000  0.0280
 21 0.879 0.0595  26.01 -0.060   0.0182 108.64  0.049  1.001 2.935   0.000  0.0215
 23 0.924 0.0468  25.06 -0.046   0.0196  88.95  0.051  0.99911.509   0.000  0.0161
 25 0.959 0.0344  24.37 -0.035   0.0219  67.43  0.052  0.997-3.745   0.000  0.0114
 27 0.983 0.0224  23.92 -0.028   0.0257  44.83  0.053  0.996-1.361   0.000  0.0073
 29 0.997 0.0114  23.67 -0.024   0.0334  23.18  0.054  0.996-0.765   0.000  0.0037

.OPER   c>  
Current value <ret takes default>: 0.438560    
advance ratio V/wR    r>  
 Iter     dGmax  @Imax    gGrms       Av        Aw         Be       RLX
   1   -0.407E-02    1   0.624E-03    0.4545    0.4507    23.626    0.2000
   2   -0.325E-02    1   0.499E-03    0.4545    0.4497    23.626    0.2000
   3   -0.260E-02    1   0.399E-03    0.4545    0.4454    23.626    1.0000
   4    0.367E-05    1   0.628E-06    0.4545    0.4454    23.626    1.0000
   5   -0.317E-07    7   0.392E-08    0.4545    0.4454    23.626    1.0000

 ===========================================================================
 Free Tip Potential Formulation Solution:  Saved blade                     
                                                  Wake adv. ratio:    0.44537
 no. blades :  2            radius(m)  :   1.6000     adv. ratio:     0.45448
 thrust(N)  :  -6.01        power(W)   :  -35.0       torque(N-m):  -3.44    
 Efficiency :  1.2684       speed(m/s) :    7.400     rpm        :     97.179
 Eff induced:  1.0204       Eff ideal  :   1.0056     Area(m^2)  :    8.01106
 Tnacel(N)  :    -0.0000    Rhub(m)    :   0.1000     Rwake(m)   :    0.1000
 Tvisc(N)   :    -0.4341    Pvisc(W)   :   5.37       Mach       :    0.0218
 rho(kg/m3) :   1.22600     Vsound(m/s):  340.000     mu(kg/m-s) : 0.1780E-04
 ---------------------------------------------------------------------------
    J:    1.42778      adv:    0.45448       AF:   55.462
   Ct:   -0.01781       Cp:   -0.02005  (by rho,Diam,N)
   Tc:   -0.02225       Pc:   -0.01754  (by rho,Atip,Vel)
   CT:   -0.00230       CP:   -0.00082  (by rho,Atip,Vtip)
Sigma:    0.05604 CT/sigma:   -0.04100

  i  r/R   c/R  beta(deg)  CL     Cd    REx10^3 Mach   effi  effp  na.u/U  solidity
  1 0.072 0.0806  82.82  0.020   0.0216  66.58  0.022  0.823-6.323   0.000  0.3564
  3 0.145 0.1047  71.80 -0.092   0.0199  89.60  0.023  0.983 1.811   0.000  0.2300
  5 0.241 0.1304  59.61 -0.199   0.0183 120.36  0.025  1.027 1.231   0.000  0.1720
  7 0.339 0.1387  50.08 -0.247   0.0175 141.08  0.027  1.035 1.155   0.000  0.1303
  9 0.434 0.1349  43.05 -0.256   0.0171 152.16  0.030  1.032 1.143   0.000  0.0990
 11 0.525 0.1251  37.88 -0.245   0.0168 155.88  0.033  1.027 1.152   0.000  0.0758
 13 0.611 0.1127  34.04 -0.224   0.0168 153.86  0.036  1.021 1.175   0.000  0.0587
 15 0.690 0.0993  31.15 -0.200   0.0169 147.16  0.040  1.016 1.213   0.000  0.0458
 17 0.761 0.0858  28.96 -0.176   0.0173 136.50  0.042  1.012 1.269   0.000  0.0359
 19 0.825 0.0725  27.28 -0.154   0.0179 122.48  0.045  1.009 1.350   0.000  0.0280
 21 0.879 0.0595  26.01 -0.135   0.0189 105.60  0.047  1.006 1.470   0.000  0.0215
 23 0.924 0.0468  25.06 -0.120   0.0203  86.42  0.049  1.004 1.656   0.000  0.0161
 25 0.959 0.0344  24.37 -0.108   0.0226  65.48  0.051  1.002 1.970   0.000  0.0114
 27 0.983 0.0224  23.92 -0.100   0.0266  43.52  0.052  1.001 2.638   0.000  0.0073
 29 0.997 0.0114  23.67 -0.097   0.0346  22.50  0.052  1.000 5.302   0.000  0.0037

.OPER   c>  
Current value <ret takes default>: 0.454476    
advance ratio V/wR    r>  
 Iter     dGmax  @Imax    gGrms       Av        Aw         Be       RLX
   1   -0.493E-02    1   0.723E-03    0.4704    0.4654    23.626    0.2000
   2   -0.393E-02    1   0.578E-03    0.4704    0.4640    23.626    0.2000
   3   -0.314E-02    1   0.462E-03    0.4704    0.4585    23.626    1.0000
   4    0.855E-05    1   0.134E-05    0.4704    0.4584    23.626    1.0000
   5    0.342E-07    8   0.625E-08    0.4704    0.4584    23.626    1.0000

 ===========================================================================
 Free Tip Potential Formulation Solution:  Saved blade                     
                                                  Wake adv. ratio:    0.45841
 no. blades :  2            radius(m)  :   1.6000     adv. ratio:     0.47039
 thrust(N)  :  -7.73        power(W)   :  -47.4       torque(N-m):  -4.83    
 Efficiency :  1.2050       speed(m/s) :    7.400     rpm        :     93.891
 Eff induced:  1.0261       Eff ideal  :   1.0073     Area(m^2)  :    8.01106
 Tnacel(N)  :    -0.0000    Rhub(m)    :   0.1000     Rwake(m)   :    0.1000
 Tvisc(N)   :    -0.4403    Pvisc(W)   :   5.09       Mach       :    0.0218
 rho(kg/m3) :   1.22600     Vsound(m/s):  340.000     mu(kg/m-s) : 0.1780E-04
 ---------------------------------------------------------------------------
    J:    1.47778      adv:    0.47039       AF:   55.462
   Ct:   -0.02454       Cp:   -0.03010  (by rho,Diam,N)
   Tc:   -0.02862       Pc:   -0.02375  (by rho,Atip,Vel)
   CT:   -0.00317       CP:   -0.00124  (by rho,Atip,Vtip)
Sigma:    0.05604 CT/sigma:   -0.05650

  i  r/R   c/R  beta(deg)  CL     Cd    REx10^3 Mach   effi  effp  na.u/U  solidity
  1 0.072 0.0806  82.82 -0.021   0.0219  66.53  0.022  0.80810.797   0.000  0.3564
  3 0.145 0.1047  71.80 -0.144   0.0202  89.33  0.023  0.987 1.526   0.000  0.2300
  5 0.241 0.1304  59.61 -0.263   0.0188 119.48  0.024  1.035 1.180   0.000  0.1720
  7 0.339 0.1387  50.08 -0.317   0.0181 139.39  0.027  1.043 1.124   0.000  0.1303
  9 0.434 0.1349  43.05 -0.331   0.0177 149.73  0.030  1.040 1.113   0.000  0.0990
 11 0.525 0.1251  37.88 -0.321   0.0175 152.89  0.033  1.034 1.117   0.000  0.0758
 13 0.611 0.1127  34.04 -0.301   0.0175 150.53  0.036  1.028 1.131   0.000  0.0587
 15 0.690 0.0993  31.15 -0.276   0.0176 143.70  0.039  1.022 1.152   0.000  0.0458
 17 0.761 0.0858  28.96 -0.251   0.0180 133.11  0.041  1.018 1.182   0.000  0.0359
 19 0.825 0.0725  27.28 -0.228   0.0186 119.31  0.044  1.014 1.223   0.000  0.0280
 21 0.879 0.0595  26.01 -0.208   0.0196 102.79  0.046  1.011 1.277   0.000  0.0215
 23 0.924 0.0468  25.06 -0.192   0.0211  84.07  0.048  1.009 1.350   0.000  0.0161
 25 0.959 0.0344  24.37 -0.179   0.0235  63.68  0.049  1.007 1.455   0.000  0.0114
 27 0.983 0.0224  23.92 -0.170   0.0275  42.31  0.050  1.006 1.631   0.000  0.0073
 29 0.997 0.0114  23.67 -0.168   0.0358  21.87  0.051  1.004 2.010   0.000  0.0037

.OPER   c>  
Current value <ret takes default>: 0.470391    
advance ratio V/wR    r>  
 Iter     dGmax  @Imax    gGrms       Av        Aw         Be       RLX
   1   -0.570E-02    1   0.786E-03    0.4863    0.4802    23.626    0.2000
   2   -0.453E-02    1   0.627E-03    0.4863    0.4785    23.626    0.2000
   3   -0.361E-02    1   0.501E-03    0.4863    0.4716    23.626    1.0000
   4    0.175E-04    1   0.238E-05    0.4863    0.4716    23.626    1.0000
   5   -0.217E-07    8   0.401E-08    0.4863    0.4716    23.626    1.0000

 ===========================================================================
 Free Tip Potential Formulation Solution:  Saved blade                     
                                                  Wake adv. ratio:    0.47155
 no. blades :  2            radius(m)  :   1.6000     adv. ratio:     0.48631
 thrust(N)  :  -9.10        power(W)   :  -57.2       torque(N-m):  -6.02    
 Efficiency :  1.1766       speed(m/s) :    7.400     rpm        :     90.818
 Eff induced:  1.0313       Eff ideal  :   1.0086     Area(m^2)  :    8.01106
 Tnacel(N)  :     0.0000    Rhub(m)    :   0.1000     Rwake(m)   :    0.1000
 Tvisc(N)   :    -0.4471    Pvisc(W)   :   4.85       Mach       :    0.0218
 rho(kg/m3) :   1.22600     Vsound(m/s):  340.000     mu(kg/m-s) : 0.1780E-04
 ---------------------------------------------------------------------------
    J:    1.52778      adv:    0.48631       AF:   55.462
   Ct:   -0.03088       Cp:   -0.04010  (by rho,Diam,N)
   Tc:   -0.03369       Pc:   -0.02864  (by rho,Atip,Vel)
   CT:   -0.00398       CP:   -0.00165  (by rho,Atip,Vtip)
Sigma:    0.05604 CT/sigma:   -0.07110

  i  r/R   c/R  beta(deg)  CL     Cd    REx10^3 Mach   effi  effp  na.u/U  solidity
  1 0.072 0.0806  82.82 -0.058   0.0221  66.48  0.022  0.794 4.419   0.000  0.3564
  3 0.145 0.1047  71.80 -0.192   0.0206  89.08  0.023  0.992 1.409   0.000  0.2300
  5 0.241 0.1304  59.61 -0.320   0.0193 118.67  0.024  1.044 1.153   0.000  0.1720
  7 0.339 0.1387  50.08 -0.379   0.0187 137.84  0.027  1.051 1.108   0.000  0.1303
  9 0.434 0.1349  43.05 -0.395   0.0184 147.49  0.029  1.046 1.098   0.000  0.0990
 11 0.525 0.1251  37.88 -0.388   0.0182 150.13  0.032  1.039 1.100   0.000  0.0758
 13 0.611 0.1127  34.04 -0.369   0.0181 147.45  0.035  1.033 1.109   0.000  0.0587
 15 0.690 0.0993  31.15 -0.346   0.0183 140.51  0.038  1.028 1.123   0.000  0.0458
 17 0.761 0.0858  28.96 -0.321   0.0187 129.97  0.040  1.023 1.143   0.000  0.0359
 19 0.825 0.0725  27.28 -0.298   0.0193 116.37  0.043  1.019 1.168   0.000  0.0280
 21 0.879 0.0595  26.01 -0.277   0.0203 100.18  0.045  1.016 1.202   0.000  0.0215
 23 0.924 0.0468  25.06 -0.260   0.0219  81.89  0.047  1.013 1.245   0.000  0.0161
 25 0.959 0.0344  24.37 -0.247   0.0243  62.00  0.048  1.011 1.306   0.000  0.0114
 27 0.983 0.0224  23.92 -0.238   0.0286  41.19  0.049  1.010 1.402   0.000  0.0073
 29 0.997 0.0114  23.67 -0.237   0.0372  21.29  0.050  1.008 1.591   0.000  0.0037

.OPER   c>  
 XROTOR   c>  