
 =========================
    XROTOR Version 7.69
 =========================
  
 OPEN error on file  xrotor.def
 Hard-wired defaults used

   QUIT   Exit program
  .AERO   Display or change airfoil characteristics
   NAME s Set or change case name

   ATMO r Set fluid properties from standard atmosphere
   VSOU r Set/change fluid speed of sound
   DENS r Set/change fluid density
   VISC r Set/change fluid viscosity

   NACE f Specify nacelle geometry file
   DUCT r Duct/free-tip option toggle
   VRAT r Change duct velocity ratio

   ARBI   Input arbitrary rotor geometry
  .DESI   Design rotor geometry
  .MODI   Modify rotor geometry
  .OPER   Calculate off-design operating points
  .BEND   Calculate structural loads and deflections
  .NOIS   Calculate and plot acoustic signature
   JMAP   Calculate Cp vs J operating map

   INTE   Interpolate geometry to specified radii
   SAVE f Save rotor to restart file
   SAVO f Save rotor to old style XROTOR restart file
   LOAD f Read rotor from restart file
   WDEF f Write current settings to  xrotor.def  file.

   VPUT f Save  slipstream velocity profiles
   VGET f Read  slipstream velocity profiles
   VCLR   Clear slipstream velocity profiles

   HARD   Hardcopy current plot
   WIND   Windmill/propeller plotting mode toggle
   PLOP   Plotting options
   DISP   Display current design point

 XROTOR   c>  
Defined aerodynamic sections: 
  N      r/R   CLmax   CLmin    CDmin   Mcrit   REexp        REref
  1  0.0000  1.5000 -0.5000  0.01300  0.8000 -0.4000   0.2000E+06

.AERO   c>  
 Sect# =   1 r/R =     0.0000
 ========================================================================
 1) Zero-lift alpha (deg):   0.00       7) Minimum Cd           : 0.0130
 2) d(Cl)/d(alpha)       :  6.280       8) Cl at minimum Cd     : 0.500
 3) d(Cl)/d(alpha)@stall :  0.100       9) d(Cd)/d(Cl**2)       : 0.0040
 4) Maximum Cl           :  1.50       10) Reference Re number  :  200000.
 5) Minimum Cl           : -0.50       11) Re scaling exponent  : -0.4000
 6) Cl increment to stall:  0.100      12) Cm                   : -0.100
                                       13) Mcrit                :  0.800
                                       14) d(Cd)/d(M**2)        : 0.0000
 ========================================================================

.EDIT   c>  
 Zero-lift alpha (deg)  :   0.0000

 Zero-lift alpha (deg)  :   0.0000

 Zero-lift alpha (deg)  :   0.0000

 Sect# =   1 r/R =     0.0000
 ========================================================================
 1) Zero-lift alpha (deg):   0.06       7) Minimum Cd           : 0.0130
 2) d(Cl)/d(alpha)       :  6.280       8) Cl at minimum Cd     : 0.500
 3) d(Cl)/d(alpha)@stall :  0.100       9) d(Cd)/d(Cl**2)       : 0.0040
 4) Maximum Cl           :  1.50       10) Reference Re number  :  200000.
 5) Minimum Cl           : -0.50       11) Re scaling exponent  : -0.4000
 6) Cl increment to stall:  0.100      12) Cm                   : -0.100
                                       13) Mcrit                :  0.800
                                       14) d(Cd)/d(M**2)        : 0.0000
 ========================================================================

.EDIT   c>  
Defined aerodynamic sections: 
  N      r/R   CLmax   CLmin    CDmin   Mcrit   REexp        REref
  1  0.0000  1.5000 -0.5000  0.01300  0.8000 -0.4000   0.2000E+06

.AERO   c>  
Section #   1 @ r/R =     0.0000
Enter r/R for new section: 

Section #   1 @ r/R =     0.0000
Enter r/R for new section: 

Section #   1 @ r/R =     0.0000
Enter r/R for new section: 

Defined aerodynamic sections: 
  N      r/R   CLmax   CLmin    CDmin   Mcrit   REexp        REref
  1  0.0000  1.5000 -0.5000  0.01300  0.8000 -0.4000   0.2000E+06
  2  0.2970  1.5000 -0.5000  0.01300  0.8000 -0.4000   0.2000E+06

.AERO   c>  
 XROTOR   c>   NEW  command not recognized.  Type a "?" for list

 XROTOR   c>   READ command not recognized.  Type a "?" for list

 XROTOR   c>   TEMP command not recognized.  Type a "?" for list

 XROTOR   c>   0.53 command not recognized.  Type a "?" for list

 XROTOR   c>  
 XROTOR   c>   NEW  command not recognized.  Type a "?" for list

 XROTOR   c>   READ command not recognized.  Type a "?" for list

 XROTOR   c>   TEMP command not recognized.  Type a "?" for list

 XROTOR   c>   0.76 command not recognized.  Type a "?" for list

 XROTOR   c>  
 XROTOR   c>   NEW  command not recognized.  Type a "?" for list

 XROTOR   c>   READ command not recognized.  Type a "?" for list

 XROTOR   c>   TEMP command not recognized.  Type a "?" for list

 XROTOR   c>   1.00 command not recognized.  Type a "?" for list

 XROTOR   c>  
 XROTOR   c>  
 XROTOR   c>  
.DESI   c>  
         B    0           number of blades
         RT      0.0000   tip radius
         RH      0.0000   hub radius
         RW      0.0000   hub wake displacement body radius
         V       0.0000   airspeed
         A       ---      advance ratio
         R       ---      rpm
         T       ---      thrust
         P       ---      power
         CC      0.0000   lift coefficient (constant )
         CL 0.000 0.000   linear lift coefficient (root,tip)
         CX               lift coefficient (cursor input)
         CR               read  CL(r/R) from file
         CW               write CL(r/R) to   file

..EDIT   Parameter, Value   (or <Return>)   c>  
..EDIT   Parameter, Value   (or <Return>)   c>  
..EDIT   Parameter, Value   (or <Return>)   c>  
..EDIT   Parameter, Value   (or <Return>)   c>  
..EDIT   Parameter, Value   (or <Return>)   c>  
..EDIT   Parameter, Value   (or <Return>)   c>  
..EDIT   Parameter, Value   (or <Return>)   c>  
..EDIT   Parameter, Value   (or <Return>)   c>  
..EDIT   Parameter, Value   (or <Return>)   c>  
 Iter     dGmax  @Imax     gGrms       dEi         Ei           Aw       RLX
   1    0.722E-02   14   0.161E-02  0.5274E-02  0.1048E+01     0.343    0.2000
   2    0.578E-02   14   0.129E-02  0.4222E-02  0.1049E+01     0.343    0.2000
   3    0.462E-02   14   0.103E-02  0.3379E-02  0.1053E+01     0.344    1.0000
   4    0.397E-05   16   0.851E-06  0.3629E-05  0.1053E+01     0.344    1.0000
   5   -0.829E-07    3   0.121E-07  -.1187E-06  0.1053E+01     0.344    1.0000

 ===========================================================================
 Free Tip Potential Formulation Solution:                                  
                                                  Wake adv. ratio:    0.34435
 no. blades :  2            radius(m)  :   1.6000     adv. ratio:     0.32715
 thrust(N)  :   24.0        power(W)   :   201.       torque(N-m):   14.2    
 Efficiency :  0.8848       speed(m/s) :    7.400     rpm        :    135.000
 Eff induced:  0.9500       Eff ideal  :   0.9787     Area(m^2)  :    8.01106
 Tnacel(N)  :     0.0000    Rhub(m)    :   0.1000     Rwake(m)   :    0.1000
 Tvisc(N)   :    -0.4426    Pvisc(W)   :   10.3       Mach       :    0.0218
 rho(kg/m3) :   1.22600     Vsound(m/s):  340.000     mu(kg/m-s) : 0.1780E-04
 ---------------------------------------------------------------------------
    J:    1.02778      adv:    0.32715       AF:   55.462
   Ct:    0.03688       Cp:    0.04284  (by rho,Diam,N)
   Tc:    0.08890       Pc:    0.10047  (by rho,Atip,Vel)
   CT:    0.00476       CP:    0.00176  (by rho,Atip,Vtip)
Sigma:    0.05604 CT/sigma:    0.08490

  i  r/R   c/R  beta(deg)  CL     Cd    REx10^3 Mach   effi  effp  na.u/U  solidity
  1 0.072 0.0806  82.82  0.500   0.0201  67.29  0.022  0.950 0.801   0.000  0.3564
  3 0.145 0.1047  71.80  0.500   0.0176  93.35  0.024  0.950 0.903   0.000  0.2300
  5 0.241 0.1304  59.61  0.500   0.0153 132.06  0.027  0.950 0.936   0.000  0.1720
  7 0.339 0.1387  50.08  0.500   0.0141 162.79  0.031  0.950 0.945   0.000  0.1303
  9 0.434 0.1349  43.05  0.500   0.0135 182.77  0.036  0.950 0.946   0.000  0.0990
 11 0.525 0.1251  37.88  0.500   0.0132 192.87  0.041  0.950 0.945   0.000  0.0758
 13 0.611 0.1127  34.04  0.500   0.0131 194.49  0.046  0.950 0.941   0.000  0.0587
 15 0.690 0.0993  31.15  0.500   0.0133 188.90  0.051  0.950 0.937   0.000  0.0458
 17 0.761 0.0858  28.96  0.500   0.0136 177.19  0.055  0.950 0.931   0.000  0.0359
 19 0.825 0.0725  27.28  0.500   0.0142 160.29  0.059  0.950 0.925   0.000  0.0280
 21 0.879 0.0595  26.01  0.500   0.0150 139.03  0.062  0.950 0.918   0.000  0.0215
 23 0.924 0.0468  25.06  0.500   0.0163 114.26  0.065  0.950 0.909   0.000  0.0161
 25 0.959 0.0344  24.37  0.500   0.0181  86.84  0.067  0.950 0.896   0.000  0.0114
 27 0.983 0.0224  23.92  0.500   0.0214  57.83  0.069  0.950 0.878   0.000  0.0073
 29 0.997 0.0114  23.67  0.500   0.0278  29.93  0.070  0.950 0.845   0.000  0.0037
 New rotor geometry created

         B    2           number of blades
         RT      1.6000   tip radius
         RH      0.1000   hub radius
         RW      0.1000   hub wake displacement body radius
         V       7.4000   airspeed
         A       ---      advance ratio
         R     135.0000   rpm
         T      24.0000   thrust
         P       ---      power
         CC      0.5000   lift coefficient (constant )
         CL 0.500 0.500   linear lift coefficient (root,tip)
         CX               lift coefficient (cursor input)
         CR               read  CL(r/R) from file
         CW               write CL(r/R) to   file

..EDIT   Parameter, Value   (or <Return>)   c>  
.DESI   c>  
 XROTOR   c>  
Enter filename   s>  
 XROTOR   c>   Y    command not recognized.  Type a "?" for list

 XROTOR   c>  
 XROTOR   c>  